   1              	 .cpu cortex-m0
   2              	 .fpu softvfp
   3              	 .eabi_attribute 20,1
   4              	 .eabi_attribute 21,1
   5              	 .eabi_attribute 23,3
   6              	 .eabi_attribute 24,1
   7              	 .eabi_attribute 25,1
   8              	 .eabi_attribute 26,1
   9              	 .eabi_attribute 30,2
  10              	 .eabi_attribute 34,0
  11              	 .eabi_attribute 18,4
  12              	 .code 16
  13              	 .file "pmsm_foc_vq_ctrl.c"
  14              	 .text
  15              	.Ltext0:
  16              	 .cfi_sections .debug_frame
  17              	.Letext0:
  18              	 .file 1 "c:\\dave-ide-4.4.2-64bit\\eclipse\\arm-gcc-49\\arm-none-eabi\\include\\machine\\_default_types.h"
  19              	 .file 2 "c:\\dave-ide-4.4.2-64bit\\eclipse\\arm-gcc-49\\arm-none-eabi\\include\\stdint.h"
  20              	 .file 3 "../PMSM_FOC/ControlModules/..\\MIDSys\\pmsm_foc_pwmsvm.h"
  21              	 .file 4 "../PMSM_FOC/ControlModules/pmsm_foc_functions.h"
  22              	 .file 5 "C:/Users/choeoliv/Desktop/IFKOR FOC DRIVE/Libraries/CMSIS/Infineon/XMC1300_series/Include/system_XMC1300.h"
  23              	 .file 6 "../PMSM_FOC/ControlModules/pmsm_foc_vq_ctrl.c"
DEFINED SYMBOLS
                            *ABS*:00000000 pmsm_foc_vq_ctrl.c

NO UNDEFINED SYMBOLS
