   1              	 .cpu cortex-m0
   2              	 .fpu softvfp
   3              	 .eabi_attribute 20,1
   4              	 .eabi_attribute 21,1
   5              	 .eabi_attribute 23,3
   6              	 .eabi_attribute 24,1
   7              	 .eabi_attribute 25,1
   8              	 .eabi_attribute 26,1
   9              	 .eabi_attribute 30,2
  10              	 .eabi_attribute 34,0
  11              	 .eabi_attribute 18,4
  12              	 .code 16
  13              	 .file "xmc1_flash.c"
  14              	 .text
  15              	.Ltext0:
  16              	 .cfi_sections .debug_frame
  17              	 .section .text.XMC_FLASH_ClearStatus,"ax",%progbits
  18              	 .align 2
  19              	 .global XMC_FLASH_ClearStatus
  20              	 .code 16
  21              	 .thumb_func
  23              	XMC_FLASH_ClearStatus:
  24              	.LFB46:
  25              	 .file 1 "../Libraries/XMCLib/src/xmc1_flash.c"
   1:../Libraries/XMCLib/src/xmc1_flash.c **** /**
   2:../Libraries/XMCLib/src/xmc1_flash.c ****  * @file xmc1_flash.c
   3:../Libraries/XMCLib/src/xmc1_flash.c ****  * @date 2015-10-14
   4:../Libraries/XMCLib/src/xmc1_flash.c ****  *
   5:../Libraries/XMCLib/src/xmc1_flash.c ****  * @cond
   6:../Libraries/XMCLib/src/xmc1_flash.c ****  **************************************************************************************************
   7:../Libraries/XMCLib/src/xmc1_flash.c ****  * XMClib v2.1.0 - XMC Peripheral Driver Library 
   8:../Libraries/XMCLib/src/xmc1_flash.c ****  *
   9:../Libraries/XMCLib/src/xmc1_flash.c ****  * Copyright (c) 2015, Infineon Technologies AG
  10:../Libraries/XMCLib/src/xmc1_flash.c ****  * All rights reserved.                        
  11:../Libraries/XMCLib/src/xmc1_flash.c ****  *                                             
  12:../Libraries/XMCLib/src/xmc1_flash.c ****  * Redistribution and use in source and binary forms, with or without modification,are permitted pr
  13:../Libraries/XMCLib/src/xmc1_flash.c ****  * following conditions are met:   
  14:../Libraries/XMCLib/src/xmc1_flash.c ****  *                                                                              
  15:../Libraries/XMCLib/src/xmc1_flash.c ****  * Redistributions of source code must retain the above copyright notice, this list of conditions a
  16:../Libraries/XMCLib/src/xmc1_flash.c ****  * disclaimer.                        
  17:../Libraries/XMCLib/src/xmc1_flash.c ****  * 
  18:../Libraries/XMCLib/src/xmc1_flash.c ****  * Redistributions in binary form must reproduce the above copyright notice, this list of condition
  19:../Libraries/XMCLib/src/xmc1_flash.c ****  * disclaimer in the documentation and/or other materials provided with the distribution.          
  20:../Libraries/XMCLib/src/xmc1_flash.c ****  * 
  21:../Libraries/XMCLib/src/xmc1_flash.c ****  * Neither the name of the copyright holders nor the names of its contributors may be used to endor
  22:../Libraries/XMCLib/src/xmc1_flash.c ****  * products derived from this software without specific prior written permission.                  
  23:../Libraries/XMCLib/src/xmc1_flash.c ****  *                                                                              
  24:../Libraries/XMCLib/src/xmc1_flash.c ****  * THIS SOFTWARE IS PROVIDED BY THE COPYRIGHT HOLDERS AND CONTRIBUTORS "AS IS" AND ANY EXPRESS OR I
  25:../Libraries/XMCLib/src/xmc1_flash.c ****  * INCLUDING, BUT NOT LIMITED TO, THE IMPLIED WARRANTIES OF MERCHANTABILITY AND FITNESS FOR A PARTI
  26:../Libraries/XMCLib/src/xmc1_flash.c ****  * DISCLAIMED. IN NO EVENT SHALL THE COPYRIGHT HOLDER OR CONTRIBUTORS BE LIABLE  FOR ANY DIRECT, IN
  27:../Libraries/XMCLib/src/xmc1_flash.c ****  * SPECIAL, EXEMPLARY, OR CONSEQUENTIAL DAMAGES (INCLUDING, BUT NOT LIMITED TO, PROCUREMENT OF SUBS
  28:../Libraries/XMCLib/src/xmc1_flash.c ****  * SERVICES; LOSS OF USE, DATA, OR PROFITS; OR BUSINESS INTERRUPTION) HOWEVER CAUSED AND ON ANY THE
  29:../Libraries/XMCLib/src/xmc1_flash.c ****  * WHETHER IN CONTRACT, STRICT LIABILITY,OR TORT (INCLUDING NEGLIGENCE OR OTHERWISE) ARISING IN ANY
  30:../Libraries/XMCLib/src/xmc1_flash.c ****  * OF THIS SOFTWARE, EVEN IF ADVISED OF THE POSSIBILITY OF SUCH DAMAGE.                            
  31:../Libraries/XMCLib/src/xmc1_flash.c ****  *                                                                              
  32:../Libraries/XMCLib/src/xmc1_flash.c ****  * To improve the quality of the software, users are encouraged to share modifications, enhancement
  33:../Libraries/XMCLib/src/xmc1_flash.c ****  * Infineon Technologies AG dave@infineon.com).                                                    
  34:../Libraries/XMCLib/src/xmc1_flash.c ****  **************************************************************************************************
  35:../Libraries/XMCLib/src/xmc1_flash.c ****  *
  36:../Libraries/XMCLib/src/xmc1_flash.c ****  * Change History
  37:../Libraries/XMCLib/src/xmc1_flash.c ****  * --------------
  38:../Libraries/XMCLib/src/xmc1_flash.c ****  *
  39:../Libraries/XMCLib/src/xmc1_flash.c ****  * 2015-02-10:
  40:../Libraries/XMCLib/src/xmc1_flash.c ****  *     - Initial <br>
  41:../Libraries/XMCLib/src/xmc1_flash.c ****  *
  42:../Libraries/XMCLib/src/xmc1_flash.c ****  * 2015-06-20: 
  43:../Libraries/XMCLib/src/xmc1_flash.c ****  *     - Removed definition of GetDriverVersion API 
  44:../Libraries/XMCLib/src/xmc1_flash.c ****  *
  45:../Libraries/XMCLib/src/xmc1_flash.c ****  * 2015-10-14: 
  46:../Libraries/XMCLib/src/xmc1_flash.c ****  *     - Fixed defect in API XMC_FLASH_ErasePages, related to the errata NVM_CM.001
  47:../Libraries/XMCLib/src/xmc1_flash.c ****  *     - NVM ROM user routine XMC1000_NvmErasePage(address) used for erase page. 
  48:../Libraries/XMCLib/src/xmc1_flash.c ****  *
  49:../Libraries/XMCLib/src/xmc1_flash.c ****  * @endcond 
  50:../Libraries/XMCLib/src/xmc1_flash.c ****  *
  51:../Libraries/XMCLib/src/xmc1_flash.c ****  */
  52:../Libraries/XMCLib/src/xmc1_flash.c **** 
  53:../Libraries/XMCLib/src/xmc1_flash.c **** #include "xmc_flash.h"
  54:../Libraries/XMCLib/src/xmc1_flash.c **** 
  55:../Libraries/XMCLib/src/xmc1_flash.c **** /**************************************************************************************************
  56:../Libraries/XMCLib/src/xmc1_flash.c ****  * MACROS
  57:../Libraries/XMCLib/src/xmc1_flash.c ****  **************************************************************************************************
  58:../Libraries/XMCLib/src/xmc1_flash.c **** #if UC_FAMILY == XMC1
  59:../Libraries/XMCLib/src/xmc1_flash.c **** 
  60:../Libraries/XMCLib/src/xmc1_flash.c **** /**************************************************************************************************
  61:../Libraries/XMCLib/src/xmc1_flash.c ****  * ENUMS
  62:../Libraries/XMCLib/src/xmc1_flash.c ****  **************************************************************************************************
  63:../Libraries/XMCLib/src/xmc1_flash.c **** /* FLASH programming / erase options */
  64:../Libraries/XMCLib/src/xmc1_flash.c **** typedef enum FLASH_ACTION
  65:../Libraries/XMCLib/src/xmc1_flash.c **** {
  66:../Libraries/XMCLib/src/xmc1_flash.c ****   FLASH_ACTION_IDLE                        =  (uint32_t)0x00,
  67:../Libraries/XMCLib/src/xmc1_flash.c ****   FLASH_ACTION_ONESHOT_WRITE_VERIFY        = ((uint32_t)0x51 << NVM_NVMPROG_ACTION_Pos),
  68:../Libraries/XMCLib/src/xmc1_flash.c ****   FLASH_ACTION_ONESHOT_WRITE               = ((uint32_t)0x91 << NVM_NVMPROG_ACTION_Pos),
  69:../Libraries/XMCLib/src/xmc1_flash.c ****   FLASH_ACTION_CONTINUOUS_WRITE_VERIFY     = ((uint32_t)0x61 << NVM_NVMPROG_ACTION_Pos),
  70:../Libraries/XMCLib/src/xmc1_flash.c ****   FLASH_ACTION_CONTINUOUS_WRITE            = ((uint32_t)0xa1 << NVM_NVMPROG_ACTION_Pos),
  71:../Libraries/XMCLib/src/xmc1_flash.c ****   FLASH_ACTION_ONESHOT_PAGE_ERASE          = ((uint32_t)0x92 << NVM_NVMPROG_ACTION_Pos),
  72:../Libraries/XMCLib/src/xmc1_flash.c ****   FLASH_ACTION_CONTINUOUS_PAGE_ERASE       = ((uint32_t)0xa2 << NVM_NVMPROG_ACTION_Pos),
  73:../Libraries/XMCLib/src/xmc1_flash.c ****   FLASH_ACTION_ONESHOT_VERIFY_ONLY         = ((uint32_t)0xd0 << NVM_NVMPROG_ACTION_Pos),
  74:../Libraries/XMCLib/src/xmc1_flash.c ****   FLASH_ACTION_CONTINUOUS_VERIFY_ONLY      = ((uint32_t)0xe0 << NVM_NVMPROG_ACTION_Pos)
  75:../Libraries/XMCLib/src/xmc1_flash.c **** } FLASH_ACTION_t;
  76:../Libraries/XMCLib/src/xmc1_flash.c **** 
  77:../Libraries/XMCLib/src/xmc1_flash.c **** 
  78:../Libraries/XMCLib/src/xmc1_flash.c **** /**************************************************************************************************
  79:../Libraries/XMCLib/src/xmc1_flash.c ****  * API IMPLEMENTATION
  80:../Libraries/XMCLib/src/xmc1_flash.c ****  **************************************************************************************************
  81:../Libraries/XMCLib/src/xmc1_flash.c **** 
  82:../Libraries/XMCLib/src/xmc1_flash.c **** /*
  83:../Libraries/XMCLib/src/xmc1_flash.c ****  * This API shall clear the ECC and VERIFICATION error status.
  84:../Libraries/XMCLib/src/xmc1_flash.c ****  */
  85:../Libraries/XMCLib/src/xmc1_flash.c **** void XMC_FLASH_ClearStatus(void)
  86:../Libraries/XMCLib/src/xmc1_flash.c **** {
  26              	 .loc 1 86 0
  27              	 .cfi_startproc
  87:../Libraries/XMCLib/src/xmc1_flash.c ****   NVM->NVMPROG |= (uint16_t)((uint16_t)NVM_NVMPROG_RSTVERR_Msk | (uint16_t)NVM_NVMPROG_RSTECC_Msk);
  28              	 .loc 1 87 0
  29 0000 C021     	 mov r1,#192
  30 0002 034A     	 ldr r2,.L2
  31 0004 8901     	 lsl r1,r1,#6
  32 0006 9388     	 ldrh r3,[r2,#4]
  88:../Libraries/XMCLib/src/xmc1_flash.c **** }
  33              	 .loc 1 88 0
  34              	 
  87:../Libraries/XMCLib/src/xmc1_flash.c ****   NVM->NVMPROG |= (uint16_t)((uint16_t)NVM_NVMPROG_RSTVERR_Msk | (uint16_t)NVM_NVMPROG_RSTECC_Msk);
  35              	 .loc 1 87 0
  36 0008 0B43     	 orr r3,r1
  37 000a 9380     	 strh r3,[r2,#4]
  38              	 .loc 1 88 0
  39 000c 7047     	 bx lr
  40              	.L3:
  41 000e C046     	 .align 2
  42              	.L2:
  43 0010 00000540 	 .word 1074069504
  44              	 .cfi_endproc
  45              	.LFE46:
  47              	 .section .text.XMC_FLASH_GetStatus,"ax",%progbits
  48              	 .align 2
  49              	 .global XMC_FLASH_GetStatus
  50              	 .code 16
  51              	 .thumb_func
  53              	XMC_FLASH_GetStatus:
  54              	.LFB47:
  89:../Libraries/XMCLib/src/xmc1_flash.c **** 
  90:../Libraries/XMCLib/src/xmc1_flash.c **** /*
  91:../Libraries/XMCLib/src/xmc1_flash.c ****  * This API shall return the status of NVM.
  92:../Libraries/XMCLib/src/xmc1_flash.c ****  */
  93:../Libraries/XMCLib/src/xmc1_flash.c **** uint32_t XMC_FLASH_GetStatus(void)
  94:../Libraries/XMCLib/src/xmc1_flash.c **** {
  55              	 .loc 1 94 0
  56              	 .cfi_startproc
  95:../Libraries/XMCLib/src/xmc1_flash.c ****   return NVM->NVMSTATUS;
  57              	 .loc 1 95 0
  58 0000 014B     	 ldr r3,.L5
  96:../Libraries/XMCLib/src/xmc1_flash.c **** }
  59              	 .loc 1 96 0
  60              	 
  95:../Libraries/XMCLib/src/xmc1_flash.c ****   return NVM->NVMSTATUS;
  61              	 .loc 1 95 0
  62 0002 1888     	 ldrh r0,[r3]
  63 0004 80B2     	 uxth r0,r0
  64              	 .loc 1 96 0
  65 0006 7047     	 bx lr
  66              	.L6:
  67              	 .align 2
  68              	.L5:
  69 0008 00000540 	 .word 1074069504
  70              	 .cfi_endproc
  71              	.LFE47:
  73              	 .section .text.XMC_FLASH_EnableEvent,"ax",%progbits
  74              	 .align 2
  75              	 .global XMC_FLASH_EnableEvent
  76              	 .code 16
  77              	 .thumb_func
  79              	XMC_FLASH_EnableEvent:
  80              	.LFB48:
  97:../Libraries/XMCLib/src/xmc1_flash.c **** 
  98:../Libraries/XMCLib/src/xmc1_flash.c **** /*
  99:../Libraries/XMCLib/src/xmc1_flash.c ****  * This API shall enable the the flash interrupt event.
 100:../Libraries/XMCLib/src/xmc1_flash.c ****  */
 101:../Libraries/XMCLib/src/xmc1_flash.c **** void XMC_FLASH_EnableEvent(const uint32_t event_msk)
 102:../Libraries/XMCLib/src/xmc1_flash.c **** {
  81              	 .loc 1 102 0
  82              	 .cfi_startproc
  83              	.LVL0:
 103:../Libraries/XMCLib/src/xmc1_flash.c ****   NVM->NVMCONF |= (uint16_t)event_msk;
  84              	 .loc 1 103 0
  85 0000 024B     	 ldr r3,.L8
 104:../Libraries/XMCLib/src/xmc1_flash.c **** }
  86              	 .loc 1 104 0
  87              	 
 103:../Libraries/XMCLib/src/xmc1_flash.c ****   NVM->NVMCONF |= (uint16_t)event_msk;
  88              	 .loc 1 103 0
  89 0002 1A89     	 ldrh r2,[r3,#8]
  90 0004 1043     	 orr r0,r2
  91              	.LVL1:
  92 0006 80B2     	 uxth r0,r0
  93 0008 1881     	 strh r0,[r3,#8]
  94              	 .loc 1 104 0
  95 000a 7047     	 bx lr
  96              	.L9:
  97              	 .align 2
  98              	.L8:
  99 000c 00000540 	 .word 1074069504
 100              	 .cfi_endproc
 101              	.LFE48:
 103              	 .section .text.XMC_FLASH_DisableEvent,"ax",%progbits
 104              	 .align 2
 105              	 .global XMC_FLASH_DisableEvent
 106              	 .code 16
 107              	 .thumb_func
 109              	XMC_FLASH_DisableEvent:
 110              	.LFB49:
 105:../Libraries/XMCLib/src/xmc1_flash.c **** 
 106:../Libraries/XMCLib/src/xmc1_flash.c **** /*
 107:../Libraries/XMCLib/src/xmc1_flash.c ****  * This API shall disable the the flash interrupt event.
 108:../Libraries/XMCLib/src/xmc1_flash.c ****  */
 109:../Libraries/XMCLib/src/xmc1_flash.c **** void XMC_FLASH_DisableEvent(const uint32_t event_msk)
 110:../Libraries/XMCLib/src/xmc1_flash.c **** {
 111              	 .loc 1 110 0
 112              	 .cfi_startproc
 113              	.LVL2:
 111:../Libraries/XMCLib/src/xmc1_flash.c ****   NVM->NVMCONF &= (uint16_t)(~(uint16_t)event_msk);
 114              	 .loc 1 111 0
 115 0000 024A     	 ldr r2,.L11
 112:../Libraries/XMCLib/src/xmc1_flash.c **** }
 116              	 .loc 1 112 0
 117              	 
 111:../Libraries/XMCLib/src/xmc1_flash.c ****   NVM->NVMCONF &= (uint16_t)(~(uint16_t)event_msk);
 118              	 .loc 1 111 0
 119 0002 1389     	 ldrh r3,[r2,#8]
 120 0004 8343     	 bic r3,r0
 121 0006 1381     	 strh r3,[r2,#8]
 122              	 .loc 1 112 0
 123 0008 7047     	 bx lr
 124              	.L12:
 125 000a C046     	 .align 2
 126              	.L11:
 127 000c 00000540 	 .word 1074069504
 128              	 .cfi_endproc
 129              	.LFE49:
 131              	 .section .text.XMC_FLASH_ErasePage,"ax",%progbits
 132              	 .align 2
 133              	 .global XMC_FLASH_ErasePage
 134              	 .code 16
 135              	 .thumb_func
 137              	XMC_FLASH_ErasePage:
 138              	.LFB50:
 113:../Libraries/XMCLib/src/xmc1_flash.c **** 
 114:../Libraries/XMCLib/src/xmc1_flash.c **** void XMC_FLASH_ErasePage(uint32_t *address)
 115:../Libraries/XMCLib/src/xmc1_flash.c **** {
 139              	 .loc 1 115 0
 140              	 .cfi_startproc
 141              	.LVL3:
 142 0000 08B5     	 push {r3,lr}
 143              	 .cfi_def_cfa_offset 8
 144              	 .cfi_offset 3,-8
 145              	 .cfi_offset 14,-4
 116:../Libraries/XMCLib/src/xmc1_flash.c ****   (void)XMC1000_NvmErasePage(address);
 146              	 .loc 1 116 0
 147 0002 8023     	 mov r3,#128
 148 0004 5B00     	 lsl r3,r3,#1
 149 0006 1B68     	 ldr r3,[r3]
 150 0008 9847     	 blx r3
 151              	.LVL4:
 117:../Libraries/XMCLib/src/xmc1_flash.c **** }
 152              	 .loc 1 117 0
 153              	 
 154 000a 08BD     	 pop {r3,pc}
 155              	 .cfi_endproc
 156              	.LFE50:
 158              	 .section .text.XMC_FLASH_ProgramVerifyPage,"ax",%progbits
 159              	 .align 2
 160              	 .global XMC_FLASH_ProgramVerifyPage
 161              	 .code 16
 162              	 .thumb_func
 164              	XMC_FLASH_ProgramVerifyPage:
 165              	.LFB51:
 118:../Libraries/XMCLib/src/xmc1_flash.c **** 
 119:../Libraries/XMCLib/src/xmc1_flash.c **** void XMC_FLASH_ProgramVerifyPage(uint32_t *address, const uint32_t *data)
 120:../Libraries/XMCLib/src/xmc1_flash.c **** {
 166              	 .loc 1 120 0
 167              	 .cfi_startproc
 168              	.LVL5:
 169 0000 08B5     	 push {r3,lr}
 170              	 .cfi_def_cfa_offset 8
 171              	 .cfi_offset 3,-8
 172              	 .cfi_offset 14,-4
 121:../Libraries/XMCLib/src/xmc1_flash.c ****   (void)XMC1000_NvmProgVerify(data, address);
 173              	 .loc 1 121 0
 174 0002 8223     	 mov r3,#130
 120:../Libraries/XMCLib/src/xmc1_flash.c ****   (void)XMC1000_NvmProgVerify(data, address);
 175              	 .loc 1 120 0
 176 0004 021C     	 mov r2,r0
 177              	 .loc 1 121 0
 178 0006 5B00     	 lsl r3,r3,#1
 179 0008 081C     	 mov r0,r1
 180              	.LVL6:
 181 000a 1B68     	 ldr r3,[r3]
 182 000c 111C     	 mov r1,r2
 183              	.LVL7:
 184 000e 9847     	 blx r3
 185              	.LVL8:
 122:../Libraries/XMCLib/src/xmc1_flash.c **** }
 186              	 .loc 1 122 0
 187              	 
 188 0010 08BD     	 pop {r3,pc}
 189              	 .cfi_endproc
 190              	.LFE51:
 192 0012 C046     	 .section .text.XMC_FLASH_WriteBlocks,"ax",%progbits
 193              	 .align 2
 194              	 .global XMC_FLASH_WriteBlocks
 195              	 .code 16
 196              	 .thumb_func
 198              	XMC_FLASH_WriteBlocks:
 199              	.LFB52:
 123:../Libraries/XMCLib/src/xmc1_flash.c **** 
 124:../Libraries/XMCLib/src/xmc1_flash.c **** /* Write blocks of data into flash*/
 125:../Libraries/XMCLib/src/xmc1_flash.c **** void XMC_FLASH_WriteBlocks(uint32_t *address, const uint32_t *data, uint32_t num_blocks, bool verif
 126:../Libraries/XMCLib/src/xmc1_flash.c **** {
 200              	 .loc 1 126 0
 201              	 .cfi_startproc
 202              	.LVL9:
 203 0000 70B5     	 push {r4,r5,r6,lr}
 204              	 .cfi_def_cfa_offset 16
 205              	 .cfi_offset 4,-16
 206              	 .cfi_offset 5,-12
 207              	 .cfi_offset 6,-8
 208              	 .cfi_offset 14,-4
 127:../Libraries/XMCLib/src/xmc1_flash.c ****   uint32_t word;
 128:../Libraries/XMCLib/src/xmc1_flash.c ****   uint32_t block;
 129:../Libraries/XMCLib/src/xmc1_flash.c **** 
 130:../Libraries/XMCLib/src/xmc1_flash.c ****   XMC_ASSERT("XMC_FLASH_WriteBlocks: Starting address not aligned to Block",
 131:../Libraries/XMCLib/src/xmc1_flash.c ****                                                                    ((uint32_t)address & FLASH_BLOCK
 132:../Libraries/XMCLib/src/xmc1_flash.c **** 
 133:../Libraries/XMCLib/src/xmc1_flash.c ****   /* Configure the continuous Write option command and reset the NVM error / verification status*/
 134:../Libraries/XMCLib/src/xmc1_flash.c ****   NVM->NVMPROG &= (uint16_t)(~(uint16_t)NVM_NVMPROG_ACTION_Msk);
 209              	 .loc 1 134 0
 210 0002 FF26     	 mov r6,#255
 211 0004 164C     	 ldr r4,.L26
 212 0006 A588     	 ldrh r5,[r4,#4]
 213 0008 B543     	 bic r5,r6
 135:../Libraries/XMCLib/src/xmc1_flash.c ****   NVM->NVMPROG |= (uint16_t)(NVM_NVMPROG_RSTVERR_Msk | NVM_NVMPROG_RSTECC_Msk);
 214              	 .loc 1 135 0
 215 000a C026     	 mov r6,#192
 134:../Libraries/XMCLib/src/xmc1_flash.c ****   NVM->NVMPROG |= (uint16_t)(NVM_NVMPROG_RSTVERR_Msk | NVM_NVMPROG_RSTECC_Msk);
 216              	 .loc 1 134 0
 217 000c A580     	 strh r5,[r4,#4]
 218              	 .loc 1 135 0
 219 000e A588     	 ldrh r5,[r4,#4]
 220 0010 B601     	 lsl r6,r6,#6
 221 0012 3543     	 orr r5,r6
 222 0014 A580     	 strh r5,[r4,#4]
 136:../Libraries/XMCLib/src/xmc1_flash.c **** 
 137:../Libraries/XMCLib/src/xmc1_flash.c ****   if (verify == true)
 138:../Libraries/XMCLib/src/xmc1_flash.c ****   {
 139:../Libraries/XMCLib/src/xmc1_flash.c ****     NVM->NVMPROG |= (uint16_t)FLASH_ACTION_CONTINUOUS_WRITE_VERIFY;
 223              	 .loc 1 139 0
 224 0016 A588     	 ldrh r5,[r4,#4]
 137:../Libraries/XMCLib/src/xmc1_flash.c ****   {
 225              	 .loc 1 137 0
 226 0018 002B     	 cmp r3,#0
 227 001a 1DD0     	 beq .L16
 228              	 .loc 1 139 0
 229 001c 6123     	 mov r3,#97
 230              	.LVL10:
 231 001e 2B43     	 orr r3,r5
 232 0020 A380     	 strh r3,[r4,#4]
 233              	.L17:
 234              	.LVL11:
 140:../Libraries/XMCLib/src/xmc1_flash.c ****   }
 141:../Libraries/XMCLib/src/xmc1_flash.c ****   else
 142:../Libraries/XMCLib/src/xmc1_flash.c ****   {
 143:../Libraries/XMCLib/src/xmc1_flash.c ****     NVM->NVMPROG |= (uint16_t)FLASH_ACTION_CONTINUOUS_WRITE;
 144:../Libraries/XMCLib/src/xmc1_flash.c ****   }
 145:../Libraries/XMCLib/src/xmc1_flash.c **** 
 146:../Libraries/XMCLib/src/xmc1_flash.c ****   for (block = 0U; block < num_blocks; ++block)
 235              	 .loc 1 146 0 discriminator 1
 236 0022 0026     	 mov r6,#0
 237 0024 002A     	 cmp r2,#0
 238 0026 11D0     	 beq .L19
 239              	.LBB24:
 240              	.LBB25:
 241              	 .file 2 "C:/Users/choeoliv/Desktop/IFKOR FOC DRIVE/Libraries/XMCLib/inc/xmc_flash.h"
   1:C:/Users/choeoliv/Desktop/IFKOR FOC DRIVE/Libraries/XMCLib/inc\xmc_flash.h **** /**
   2:C:/Users/choeoliv/Desktop/IFKOR FOC DRIVE/Libraries/XMCLib/inc\xmc_flash.h ****  * @file xmc_flash.h
   3:C:/Users/choeoliv/Desktop/IFKOR FOC DRIVE/Libraries/XMCLib/inc\xmc_flash.h ****  * @date 2015-10-09
   4:C:/Users/choeoliv/Desktop/IFKOR FOC DRIVE/Libraries/XMCLib/inc\xmc_flash.h ****  *
   5:C:/Users/choeoliv/Desktop/IFKOR FOC DRIVE/Libraries/XMCLib/inc\xmc_flash.h ****  * @cond
   6:C:/Users/choeoliv/Desktop/IFKOR FOC DRIVE/Libraries/XMCLib/inc\xmc_flash.h ****  **************************************************************************************************
   7:C:/Users/choeoliv/Desktop/IFKOR FOC DRIVE/Libraries/XMCLib/inc\xmc_flash.h ****  * XMClib v2.1.0 - XMC Peripheral Driver Library 
   8:C:/Users/choeoliv/Desktop/IFKOR FOC DRIVE/Libraries/XMCLib/inc\xmc_flash.h ****  *
   9:C:/Users/choeoliv/Desktop/IFKOR FOC DRIVE/Libraries/XMCLib/inc\xmc_flash.h ****  * Copyright (c) 2015, Infineon Technologies AG
  10:C:/Users/choeoliv/Desktop/IFKOR FOC DRIVE/Libraries/XMCLib/inc\xmc_flash.h ****  * All rights reserved.                        
  11:C:/Users/choeoliv/Desktop/IFKOR FOC DRIVE/Libraries/XMCLib/inc\xmc_flash.h ****  *                                             
  12:C:/Users/choeoliv/Desktop/IFKOR FOC DRIVE/Libraries/XMCLib/inc\xmc_flash.h ****  * Redistribution and use in source and binary forms, with or without modification,are permitted pr
  13:C:/Users/choeoliv/Desktop/IFKOR FOC DRIVE/Libraries/XMCLib/inc\xmc_flash.h ****  * following conditions are met:   
  14:C:/Users/choeoliv/Desktop/IFKOR FOC DRIVE/Libraries/XMCLib/inc\xmc_flash.h ****  *                                                                              
  15:C:/Users/choeoliv/Desktop/IFKOR FOC DRIVE/Libraries/XMCLib/inc\xmc_flash.h ****  * Redistributions of source code must retain the above copyright notice, this list of conditions a
  16:C:/Users/choeoliv/Desktop/IFKOR FOC DRIVE/Libraries/XMCLib/inc\xmc_flash.h ****  * disclaimer.                        
  17:C:/Users/choeoliv/Desktop/IFKOR FOC DRIVE/Libraries/XMCLib/inc\xmc_flash.h ****  * 
  18:C:/Users/choeoliv/Desktop/IFKOR FOC DRIVE/Libraries/XMCLib/inc\xmc_flash.h ****  * Redistributions in binary form must reproduce the above copyright notice, this list of condition
  19:C:/Users/choeoliv/Desktop/IFKOR FOC DRIVE/Libraries/XMCLib/inc\xmc_flash.h ****  * disclaimer in the documentation and/or other materials provided with the distribution.          
  20:C:/Users/choeoliv/Desktop/IFKOR FOC DRIVE/Libraries/XMCLib/inc\xmc_flash.h ****  * 
  21:C:/Users/choeoliv/Desktop/IFKOR FOC DRIVE/Libraries/XMCLib/inc\xmc_flash.h ****  * Neither the name of the copyright holders nor the names of its contributors may be used to endor
  22:C:/Users/choeoliv/Desktop/IFKOR FOC DRIVE/Libraries/XMCLib/inc\xmc_flash.h ****  * products derived from this software without specific prior written permission.                  
  23:C:/Users/choeoliv/Desktop/IFKOR FOC DRIVE/Libraries/XMCLib/inc\xmc_flash.h ****  *                                                                              
  24:C:/Users/choeoliv/Desktop/IFKOR FOC DRIVE/Libraries/XMCLib/inc\xmc_flash.h ****  * THIS SOFTWARE IS PROVIDED BY THE COPYRIGHT HOLDERS AND CONTRIBUTORS "AS IS" AND ANY EXPRESS OR I
  25:C:/Users/choeoliv/Desktop/IFKOR FOC DRIVE/Libraries/XMCLib/inc\xmc_flash.h ****  * INCLUDING, BUT NOT LIMITED TO, THE IMPLIED WARRANTIES OF MERCHANTABILITY AND FITNESS FOR A PARTI
  26:C:/Users/choeoliv/Desktop/IFKOR FOC DRIVE/Libraries/XMCLib/inc\xmc_flash.h ****  * DISCLAIMED. IN NO EVENT SHALL THE COPYRIGHT HOLDER OR CONTRIBUTORS BE LIABLE  FOR ANY DIRECT, IN
  27:C:/Users/choeoliv/Desktop/IFKOR FOC DRIVE/Libraries/XMCLib/inc\xmc_flash.h ****  * SPECIAL, EXEMPLARY, OR CONSEQUENTIAL DAMAGES (INCLUDING, BUT NOT LIMITED TO, PROCUREMENT OF SUBS
  28:C:/Users/choeoliv/Desktop/IFKOR FOC DRIVE/Libraries/XMCLib/inc\xmc_flash.h ****  * SERVICES; LOSS OF USE, DATA, OR PROFITS; OR BUSINESS INTERRUPTION) HOWEVER CAUSED AND ON ANY THE
  29:C:/Users/choeoliv/Desktop/IFKOR FOC DRIVE/Libraries/XMCLib/inc\xmc_flash.h ****  * WHETHER IN CONTRACT, STRICT LIABILITY,OR TORT (INCLUDING NEGLIGENCE OR OTHERWISE) ARISING IN ANY
  30:C:/Users/choeoliv/Desktop/IFKOR FOC DRIVE/Libraries/XMCLib/inc\xmc_flash.h ****  * OF THIS SOFTWARE, EVEN IF ADVISED OF THE POSSIBILITY OF SUCH DAMAGE.                            
  31:C:/Users/choeoliv/Desktop/IFKOR FOC DRIVE/Libraries/XMCLib/inc\xmc_flash.h ****  *                                                                              
  32:C:/Users/choeoliv/Desktop/IFKOR FOC DRIVE/Libraries/XMCLib/inc\xmc_flash.h ****  * To improve the quality of the software, users are encouraged to share modifications, enhancement
  33:C:/Users/choeoliv/Desktop/IFKOR FOC DRIVE/Libraries/XMCLib/inc\xmc_flash.h ****  * Infineon Technologies AG dave@infineon.com).                                                    
  34:C:/Users/choeoliv/Desktop/IFKOR FOC DRIVE/Libraries/XMCLib/inc\xmc_flash.h ****  **************************************************************************************************
  35:C:/Users/choeoliv/Desktop/IFKOR FOC DRIVE/Libraries/XMCLib/inc\xmc_flash.h ****  *
  36:C:/Users/choeoliv/Desktop/IFKOR FOC DRIVE/Libraries/XMCLib/inc\xmc_flash.h ****  * Change History
  37:C:/Users/choeoliv/Desktop/IFKOR FOC DRIVE/Libraries/XMCLib/inc\xmc_flash.h ****  * --------------
  38:C:/Users/choeoliv/Desktop/IFKOR FOC DRIVE/Libraries/XMCLib/inc\xmc_flash.h ****  *
  39:C:/Users/choeoliv/Desktop/IFKOR FOC DRIVE/Libraries/XMCLib/inc\xmc_flash.h ****  * 2014-12-10:
  40:C:/Users/choeoliv/Desktop/IFKOR FOC DRIVE/Libraries/XMCLib/inc\xmc_flash.h ****  *     - Initial <br>
  41:C:/Users/choeoliv/Desktop/IFKOR FOC DRIVE/Libraries/XMCLib/inc\xmc_flash.h ****  * 2015-02-20:
  42:C:/Users/choeoliv/Desktop/IFKOR FOC DRIVE/Libraries/XMCLib/inc\xmc_flash.h ****  *     - Updated for Documentation related changes<br>
  43:C:/Users/choeoliv/Desktop/IFKOR FOC DRIVE/Libraries/XMCLib/inc\xmc_flash.h ****  * 2015-06-20: 
  44:C:/Users/choeoliv/Desktop/IFKOR FOC DRIVE/Libraries/XMCLib/inc\xmc_flash.h ****  *     - Removed version macros and declaration of GetDriverVersion API 
  45:C:/Users/choeoliv/Desktop/IFKOR FOC DRIVE/Libraries/XMCLib/inc\xmc_flash.h ****  * @endcond 
  46:C:/Users/choeoliv/Desktop/IFKOR FOC DRIVE/Libraries/XMCLib/inc\xmc_flash.h ****  *
  47:C:/Users/choeoliv/Desktop/IFKOR FOC DRIVE/Libraries/XMCLib/inc\xmc_flash.h ****  */
  48:C:/Users/choeoliv/Desktop/IFKOR FOC DRIVE/Libraries/XMCLib/inc\xmc_flash.h **** 
  49:C:/Users/choeoliv/Desktop/IFKOR FOC DRIVE/Libraries/XMCLib/inc\xmc_flash.h **** 
  50:C:/Users/choeoliv/Desktop/IFKOR FOC DRIVE/Libraries/XMCLib/inc\xmc_flash.h **** #ifndef XMC_FLASH_H
  51:C:/Users/choeoliv/Desktop/IFKOR FOC DRIVE/Libraries/XMCLib/inc\xmc_flash.h **** #define XMC_FLASH_H
  52:C:/Users/choeoliv/Desktop/IFKOR FOC DRIVE/Libraries/XMCLib/inc\xmc_flash.h **** 
  53:C:/Users/choeoliv/Desktop/IFKOR FOC DRIVE/Libraries/XMCLib/inc\xmc_flash.h **** /**************************************************************************************************
  54:C:/Users/choeoliv/Desktop/IFKOR FOC DRIVE/Libraries/XMCLib/inc\xmc_flash.h ****  * HEADER FILES
  55:C:/Users/choeoliv/Desktop/IFKOR FOC DRIVE/Libraries/XMCLib/inc\xmc_flash.h ****  **************************************************************************************************
  56:C:/Users/choeoliv/Desktop/IFKOR FOC DRIVE/Libraries/XMCLib/inc\xmc_flash.h **** 
  57:C:/Users/choeoliv/Desktop/IFKOR FOC DRIVE/Libraries/XMCLib/inc\xmc_flash.h **** #include "xmc_common.h"
  58:C:/Users/choeoliv/Desktop/IFKOR FOC DRIVE/Libraries/XMCLib/inc\xmc_flash.h **** 
  59:C:/Users/choeoliv/Desktop/IFKOR FOC DRIVE/Libraries/XMCLib/inc\xmc_flash.h **** #if UC_FAMILY == XMC1
  60:C:/Users/choeoliv/Desktop/IFKOR FOC DRIVE/Libraries/XMCLib/inc\xmc_flash.h ****  #include "xmc1_flash.h"
  61:C:/Users/choeoliv/Desktop/IFKOR FOC DRIVE/Libraries/XMCLib/inc\xmc_flash.h **** #endif
  62:C:/Users/choeoliv/Desktop/IFKOR FOC DRIVE/Libraries/XMCLib/inc\xmc_flash.h ****  
  63:C:/Users/choeoliv/Desktop/IFKOR FOC DRIVE/Libraries/XMCLib/inc\xmc_flash.h **** #if UC_FAMILY == XMC4
  64:C:/Users/choeoliv/Desktop/IFKOR FOC DRIVE/Libraries/XMCLib/inc\xmc_flash.h ****  #include "xmc4_flash.h"
  65:C:/Users/choeoliv/Desktop/IFKOR FOC DRIVE/Libraries/XMCLib/inc\xmc_flash.h **** #endif
  66:C:/Users/choeoliv/Desktop/IFKOR FOC DRIVE/Libraries/XMCLib/inc\xmc_flash.h **** 
  67:C:/Users/choeoliv/Desktop/IFKOR FOC DRIVE/Libraries/XMCLib/inc\xmc_flash.h **** /**
  68:C:/Users/choeoliv/Desktop/IFKOR FOC DRIVE/Libraries/XMCLib/inc\xmc_flash.h ****  * @addtogroup XMClib XMC Peripheral Library
  69:C:/Users/choeoliv/Desktop/IFKOR FOC DRIVE/Libraries/XMCLib/inc\xmc_flash.h ****  * @{
  70:C:/Users/choeoliv/Desktop/IFKOR FOC DRIVE/Libraries/XMCLib/inc\xmc_flash.h ****  */
  71:C:/Users/choeoliv/Desktop/IFKOR FOC DRIVE/Libraries/XMCLib/inc\xmc_flash.h **** 
  72:C:/Users/choeoliv/Desktop/IFKOR FOC DRIVE/Libraries/XMCLib/inc\xmc_flash.h **** /**
  73:C:/Users/choeoliv/Desktop/IFKOR FOC DRIVE/Libraries/XMCLib/inc\xmc_flash.h ****  * @addtogroup FLASH
  74:C:/Users/choeoliv/Desktop/IFKOR FOC DRIVE/Libraries/XMCLib/inc\xmc_flash.h ****  * @brief Flash driver for XMC microcontroller family.
  75:C:/Users/choeoliv/Desktop/IFKOR FOC DRIVE/Libraries/XMCLib/inc\xmc_flash.h ****  *
  76:C:/Users/choeoliv/Desktop/IFKOR FOC DRIVE/Libraries/XMCLib/inc\xmc_flash.h ****  * Flash is a non volatile memory module used to store instruction code or constant data.
  77:C:/Users/choeoliv/Desktop/IFKOR FOC DRIVE/Libraries/XMCLib/inc\xmc_flash.h ****  * The flash low level driver provides support to the following functionalities of flash memory.<BR
  78:C:/Users/choeoliv/Desktop/IFKOR FOC DRIVE/Libraries/XMCLib/inc\xmc_flash.h ****  * <OL>
  79:C:/Users/choeoliv/Desktop/IFKOR FOC DRIVE/Libraries/XMCLib/inc\xmc_flash.h ****  * \if XMC4
  80:C:/Users/choeoliv/Desktop/IFKOR FOC DRIVE/Libraries/XMCLib/inc\xmc_flash.h ****  * <LI>Provides function to program a page. ( XMC_FLASH_ProgramPage() )</LI><BR>
  81:C:/Users/choeoliv/Desktop/IFKOR FOC DRIVE/Libraries/XMCLib/inc\xmc_flash.h ****  * <LI>Provides functions to support read and write protection. ( XMC_FLASH_InstallProtection(), 
  82:C:/Users/choeoliv/Desktop/IFKOR FOC DRIVE/Libraries/XMCLib/inc\xmc_flash.h ****  * XMC_FLASH_ConfirmProtection(), XMC_FLASH_VerifyReadProtection(), XMC_FLASH_VerifyWriteProtection
  83:C:/Users/choeoliv/Desktop/IFKOR FOC DRIVE/Libraries/XMCLib/inc\xmc_flash.h ****  * <LI>Provides function to erase sector. ( XMC_FLASH_EraseSector() ) </LI><BR> 
  84:C:/Users/choeoliv/Desktop/IFKOR FOC DRIVE/Libraries/XMCLib/inc\xmc_flash.h ****  * \endif
  85:C:/Users/choeoliv/Desktop/IFKOR FOC DRIVE/Libraries/XMCLib/inc\xmc_flash.h ****  * \if XMC1
  86:C:/Users/choeoliv/Desktop/IFKOR FOC DRIVE/Libraries/XMCLib/inc\xmc_flash.h ****  * <LI>Provides functions to program and verify pages. ( XMC_FLASH_ProgramPage(), XMC_FLASH_Program
  87:C:/Users/choeoliv/Desktop/IFKOR FOC DRIVE/Libraries/XMCLib/inc\xmc_flash.h ****  *  XMC_FLASH_ProgramVerifyPage() )</LI><BR>
  88:C:/Users/choeoliv/Desktop/IFKOR FOC DRIVE/Libraries/XMCLib/inc\xmc_flash.h ****  * <LI>Provides functions to write and verify blocks. ( XMC_FLASH_WriteBlocks(), XMC_FLASH_VerifyBl
  89:C:/Users/choeoliv/Desktop/IFKOR FOC DRIVE/Libraries/XMCLib/inc\xmc_flash.h ****  * <LI>Provides functions to read data in terms of word and blocks. ( XMC_FLASH_ReadBlocks(), XMC_F
  90:C:/Users/choeoliv/Desktop/IFKOR FOC DRIVE/Libraries/XMCLib/inc\xmc_flash.h ****  * </LI><BR> 
  91:C:/Users/choeoliv/Desktop/IFKOR FOC DRIVE/Libraries/XMCLib/inc\xmc_flash.h ****  * <LI>Provides function to erase page. ( XMC_FLASH_ErasePage() ) </LI><BR> 
  92:C:/Users/choeoliv/Desktop/IFKOR FOC DRIVE/Libraries/XMCLib/inc\xmc_flash.h ****  * \endif
  93:C:/Users/choeoliv/Desktop/IFKOR FOC DRIVE/Libraries/XMCLib/inc\xmc_flash.h ****  * </OL>
  94:C:/Users/choeoliv/Desktop/IFKOR FOC DRIVE/Libraries/XMCLib/inc\xmc_flash.h ****  * @{
  95:C:/Users/choeoliv/Desktop/IFKOR FOC DRIVE/Libraries/XMCLib/inc\xmc_flash.h ****  */
  96:C:/Users/choeoliv/Desktop/IFKOR FOC DRIVE/Libraries/XMCLib/inc\xmc_flash.h **** 
  97:C:/Users/choeoliv/Desktop/IFKOR FOC DRIVE/Libraries/XMCLib/inc\xmc_flash.h **** /*******************************************************************************
  98:C:/Users/choeoliv/Desktop/IFKOR FOC DRIVE/Libraries/XMCLib/inc\xmc_flash.h ****  * API PROTOTYPE
  99:C:/Users/choeoliv/Desktop/IFKOR FOC DRIVE/Libraries/XMCLib/inc\xmc_flash.h ****  *******************************************************************************/
 100:C:/Users/choeoliv/Desktop/IFKOR FOC DRIVE/Libraries/XMCLib/inc\xmc_flash.h **** #ifdef __cplusplus
 101:C:/Users/choeoliv/Desktop/IFKOR FOC DRIVE/Libraries/XMCLib/inc\xmc_flash.h **** extern "C" {
 102:C:/Users/choeoliv/Desktop/IFKOR FOC DRIVE/Libraries/XMCLib/inc\xmc_flash.h **** #endif
 103:C:/Users/choeoliv/Desktop/IFKOR FOC DRIVE/Libraries/XMCLib/inc\xmc_flash.h **** 
 104:C:/Users/choeoliv/Desktop/IFKOR FOC DRIVE/Libraries/XMCLib/inc\xmc_flash.h **** /**
 105:C:/Users/choeoliv/Desktop/IFKOR FOC DRIVE/Libraries/XMCLib/inc\xmc_flash.h ****  *
 106:C:/Users/choeoliv/Desktop/IFKOR FOC DRIVE/Libraries/XMCLib/inc\xmc_flash.h ****  * @param None
 107:C:/Users/choeoliv/Desktop/IFKOR FOC DRIVE/Libraries/XMCLib/inc\xmc_flash.h ****  *
 108:C:/Users/choeoliv/Desktop/IFKOR FOC DRIVE/Libraries/XMCLib/inc\xmc_flash.h ****  * @return None
 109:C:/Users/choeoliv/Desktop/IFKOR FOC DRIVE/Libraries/XMCLib/inc\xmc_flash.h ****  *
 110:C:/Users/choeoliv/Desktop/IFKOR FOC DRIVE/Libraries/XMCLib/inc\xmc_flash.h ****  * \par<b>Description:</b><br>
 111:C:/Users/choeoliv/Desktop/IFKOR FOC DRIVE/Libraries/XMCLib/inc\xmc_flash.h ****  * \if XMC1
 112:C:/Users/choeoliv/Desktop/IFKOR FOC DRIVE/Libraries/XMCLib/inc\xmc_flash.h ****  * Clears the previous error status by reseting the ECC and VERR error status bits of NVMSTATUS reg
 113:C:/Users/choeoliv/Desktop/IFKOR FOC DRIVE/Libraries/XMCLib/inc\xmc_flash.h ****  * Call this API before starting any flash programming / erase related APIs to ensure all previous 
 114:C:/Users/choeoliv/Desktop/IFKOR FOC DRIVE/Libraries/XMCLib/inc\xmc_flash.h ****  * \endif
 115:C:/Users/choeoliv/Desktop/IFKOR FOC DRIVE/Libraries/XMCLib/inc\xmc_flash.h ****  * \if XMC4
 116:C:/Users/choeoliv/Desktop/IFKOR FOC DRIVE/Libraries/XMCLib/inc\xmc_flash.h ****  * Clears the previous error status by reseting the FSR status register.\n\n  Call this API before 
 117:C:/Users/choeoliv/Desktop/IFKOR FOC DRIVE/Libraries/XMCLib/inc\xmc_flash.h ****  * programming / erase related APIs to ensure all previous errors are cleared.
 118:C:/Users/choeoliv/Desktop/IFKOR FOC DRIVE/Libraries/XMCLib/inc\xmc_flash.h ****  * \endif
 119:C:/Users/choeoliv/Desktop/IFKOR FOC DRIVE/Libraries/XMCLib/inc\xmc_flash.h ****  *
 120:C:/Users/choeoliv/Desktop/IFKOR FOC DRIVE/Libraries/XMCLib/inc\xmc_flash.h ****  * \par<b>Related APIs:</b><BR>
 121:C:/Users/choeoliv/Desktop/IFKOR FOC DRIVE/Libraries/XMCLib/inc\xmc_flash.h ****  * None 
 122:C:/Users/choeoliv/Desktop/IFKOR FOC DRIVE/Libraries/XMCLib/inc\xmc_flash.h ****  *
 123:C:/Users/choeoliv/Desktop/IFKOR FOC DRIVE/Libraries/XMCLib/inc\xmc_flash.h ****  */
 124:C:/Users/choeoliv/Desktop/IFKOR FOC DRIVE/Libraries/XMCLib/inc\xmc_flash.h **** void XMC_FLASH_ClearStatus(void);
 125:C:/Users/choeoliv/Desktop/IFKOR FOC DRIVE/Libraries/XMCLib/inc\xmc_flash.h **** 
 126:C:/Users/choeoliv/Desktop/IFKOR FOC DRIVE/Libraries/XMCLib/inc\xmc_flash.h **** /**
 127:C:/Users/choeoliv/Desktop/IFKOR FOC DRIVE/Libraries/XMCLib/inc\xmc_flash.h ****  *
 128:C:/Users/choeoliv/Desktop/IFKOR FOC DRIVE/Libraries/XMCLib/inc\xmc_flash.h ****  * @param None
 129:C:/Users/choeoliv/Desktop/IFKOR FOC DRIVE/Libraries/XMCLib/inc\xmc_flash.h ****  *
 130:C:/Users/choeoliv/Desktop/IFKOR FOC DRIVE/Libraries/XMCLib/inc\xmc_flash.h ****  * @return uint32_t Status of the previous flash operation.
 131:C:/Users/choeoliv/Desktop/IFKOR FOC DRIVE/Libraries/XMCLib/inc\xmc_flash.h ****  *
 132:C:/Users/choeoliv/Desktop/IFKOR FOC DRIVE/Libraries/XMCLib/inc\xmc_flash.h ****  * \par<b>Description:</b><br>
 133:C:/Users/choeoliv/Desktop/IFKOR FOC DRIVE/Libraries/XMCLib/inc\xmc_flash.h ****  * \if XMC1
 134:C:/Users/choeoliv/Desktop/IFKOR FOC DRIVE/Libraries/XMCLib/inc\xmc_flash.h ****  * Informs the status of flash by reading the NVMSTATUS register.\n\n  It indicates the ECC, VERR(v
 135:C:/Users/choeoliv/Desktop/IFKOR FOC DRIVE/Libraries/XMCLib/inc\xmc_flash.h ****  * WRPERR (Write protocol error) errors as well as the current flash state. After calling the flash
 136:C:/Users/choeoliv/Desktop/IFKOR FOC DRIVE/Libraries/XMCLib/inc\xmc_flash.h ****  * operation related APIs, call this API to get the verification status. The return value of this A
 137:C:/Users/choeoliv/Desktop/IFKOR FOC DRIVE/Libraries/XMCLib/inc\xmc_flash.h ****  * against the members of @ref XMC_FLASH_STATUS_t enumeration to get the relevant status.
 138:C:/Users/choeoliv/Desktop/IFKOR FOC DRIVE/Libraries/XMCLib/inc\xmc_flash.h ****  * \endif
 139:C:/Users/choeoliv/Desktop/IFKOR FOC DRIVE/Libraries/XMCLib/inc\xmc_flash.h ****  * \if XMC4
 140:C:/Users/choeoliv/Desktop/IFKOR FOC DRIVE/Libraries/XMCLib/inc\xmc_flash.h ****  * Informs the status of flash by reading the FSR register.\n\n  It indicates the error status such
 141:C:/Users/choeoliv/Desktop/IFKOR FOC DRIVE/Libraries/XMCLib/inc\xmc_flash.h ****  * PROER, PFDBER, ORIER, VER errors as well as the current flash state. After calling the flash rea
 142:C:/Users/choeoliv/Desktop/IFKOR FOC DRIVE/Libraries/XMCLib/inc\xmc_flash.h ****  * operation related APIs, call this API to verify flash status. The return value of this API shall
 143:C:/Users/choeoliv/Desktop/IFKOR FOC DRIVE/Libraries/XMCLib/inc\xmc_flash.h ****  * the members of @ref XMC_FLASH_STATUS_t enumeration to get the relevant status.
 144:C:/Users/choeoliv/Desktop/IFKOR FOC DRIVE/Libraries/XMCLib/inc\xmc_flash.h ****  * \endif
 145:C:/Users/choeoliv/Desktop/IFKOR FOC DRIVE/Libraries/XMCLib/inc\xmc_flash.h ****  *
 146:C:/Users/choeoliv/Desktop/IFKOR FOC DRIVE/Libraries/XMCLib/inc\xmc_flash.h ****  * \par<b>Related APIs:</b><BR>
 147:C:/Users/choeoliv/Desktop/IFKOR FOC DRIVE/Libraries/XMCLib/inc\xmc_flash.h ****  * None
 148:C:/Users/choeoliv/Desktop/IFKOR FOC DRIVE/Libraries/XMCLib/inc\xmc_flash.h ****  *
 149:C:/Users/choeoliv/Desktop/IFKOR FOC DRIVE/Libraries/XMCLib/inc\xmc_flash.h ****  */
 150:C:/Users/choeoliv/Desktop/IFKOR FOC DRIVE/Libraries/XMCLib/inc\xmc_flash.h **** uint32_t XMC_FLASH_GetStatus(void);
 151:C:/Users/choeoliv/Desktop/IFKOR FOC DRIVE/Libraries/XMCLib/inc\xmc_flash.h **** 
 152:C:/Users/choeoliv/Desktop/IFKOR FOC DRIVE/Libraries/XMCLib/inc\xmc_flash.h **** /**
 153:C:/Users/choeoliv/Desktop/IFKOR FOC DRIVE/Libraries/XMCLib/inc\xmc_flash.h ****  *
 154:C:/Users/choeoliv/Desktop/IFKOR FOC DRIVE/Libraries/XMCLib/inc\xmc_flash.h ****  * @param uint32_t ORed values of @ref XMC_FLASH_EVENT_t enumeration
 155:C:/Users/choeoliv/Desktop/IFKOR FOC DRIVE/Libraries/XMCLib/inc\xmc_flash.h ****  *
 156:C:/Users/choeoliv/Desktop/IFKOR FOC DRIVE/Libraries/XMCLib/inc\xmc_flash.h ****  * @return None
 157:C:/Users/choeoliv/Desktop/IFKOR FOC DRIVE/Libraries/XMCLib/inc\xmc_flash.h ****  *
 158:C:/Users/choeoliv/Desktop/IFKOR FOC DRIVE/Libraries/XMCLib/inc\xmc_flash.h ****  * \par<b>Description:</b><br>
 159:C:/Users/choeoliv/Desktop/IFKOR FOC DRIVE/Libraries/XMCLib/inc\xmc_flash.h ****  * Enables the particular flash events as specified in the input parameter.\n
 160:C:/Users/choeoliv/Desktop/IFKOR FOC DRIVE/Libraries/XMCLib/inc\xmc_flash.h ****  *
 161:C:/Users/choeoliv/Desktop/IFKOR FOC DRIVE/Libraries/XMCLib/inc\xmc_flash.h ****  * \par<b>Related APIs:</b><BR>
 162:C:/Users/choeoliv/Desktop/IFKOR FOC DRIVE/Libraries/XMCLib/inc\xmc_flash.h ****  * XMC_FLASH_DisableEvent()\n\n\n
 163:C:/Users/choeoliv/Desktop/IFKOR FOC DRIVE/Libraries/XMCLib/inc\xmc_flash.h ****  *
 164:C:/Users/choeoliv/Desktop/IFKOR FOC DRIVE/Libraries/XMCLib/inc\xmc_flash.h ****  */
 165:C:/Users/choeoliv/Desktop/IFKOR FOC DRIVE/Libraries/XMCLib/inc\xmc_flash.h **** void XMC_FLASH_EnableEvent(const uint32_t event_msk);
 166:C:/Users/choeoliv/Desktop/IFKOR FOC DRIVE/Libraries/XMCLib/inc\xmc_flash.h **** 
 167:C:/Users/choeoliv/Desktop/IFKOR FOC DRIVE/Libraries/XMCLib/inc\xmc_flash.h **** /**
 168:C:/Users/choeoliv/Desktop/IFKOR FOC DRIVE/Libraries/XMCLib/inc\xmc_flash.h ****  *
 169:C:/Users/choeoliv/Desktop/IFKOR FOC DRIVE/Libraries/XMCLib/inc\xmc_flash.h ****  * @param uint32_t ORed values of @ref XMC_FLASH_EVENT_t enumeration
 170:C:/Users/choeoliv/Desktop/IFKOR FOC DRIVE/Libraries/XMCLib/inc\xmc_flash.h ****  *
 171:C:/Users/choeoliv/Desktop/IFKOR FOC DRIVE/Libraries/XMCLib/inc\xmc_flash.h ****  * @return None
 172:C:/Users/choeoliv/Desktop/IFKOR FOC DRIVE/Libraries/XMCLib/inc\xmc_flash.h ****  *
 173:C:/Users/choeoliv/Desktop/IFKOR FOC DRIVE/Libraries/XMCLib/inc\xmc_flash.h ****  * \par<b>Description:</b><br>
 174:C:/Users/choeoliv/Desktop/IFKOR FOC DRIVE/Libraries/XMCLib/inc\xmc_flash.h ****  * Disables the particular flash events as specified in the input parameter.\n
 175:C:/Users/choeoliv/Desktop/IFKOR FOC DRIVE/Libraries/XMCLib/inc\xmc_flash.h ****  *
 176:C:/Users/choeoliv/Desktop/IFKOR FOC DRIVE/Libraries/XMCLib/inc\xmc_flash.h ****  * \par<b>Related APIs:</b><BR>
 177:C:/Users/choeoliv/Desktop/IFKOR FOC DRIVE/Libraries/XMCLib/inc\xmc_flash.h ****  * XMC_FLASH_EnableEvent()\n\n\n
 178:C:/Users/choeoliv/Desktop/IFKOR FOC DRIVE/Libraries/XMCLib/inc\xmc_flash.h ****  *
 179:C:/Users/choeoliv/Desktop/IFKOR FOC DRIVE/Libraries/XMCLib/inc\xmc_flash.h ****  */
 180:C:/Users/choeoliv/Desktop/IFKOR FOC DRIVE/Libraries/XMCLib/inc\xmc_flash.h **** void XMC_FLASH_DisableEvent(const uint32_t event_msk);
 181:C:/Users/choeoliv/Desktop/IFKOR FOC DRIVE/Libraries/XMCLib/inc\xmc_flash.h **** 
 182:C:/Users/choeoliv/Desktop/IFKOR FOC DRIVE/Libraries/XMCLib/inc\xmc_flash.h **** /**
 183:C:/Users/choeoliv/Desktop/IFKOR FOC DRIVE/Libraries/XMCLib/inc\xmc_flash.h ****  *
 184:C:/Users/choeoliv/Desktop/IFKOR FOC DRIVE/Libraries/XMCLib/inc\xmc_flash.h ****  * @param address    Pointer to the starting address of flash page from where the programming start
 185:C:/Users/choeoliv/Desktop/IFKOR FOC DRIVE/Libraries/XMCLib/inc\xmc_flash.h ****  * @param data       Pointer to the source address where targeted data is located.
 186:C:/Users/choeoliv/Desktop/IFKOR FOC DRIVE/Libraries/XMCLib/inc\xmc_flash.h ****  *
 187:C:/Users/choeoliv/Desktop/IFKOR FOC DRIVE/Libraries/XMCLib/inc\xmc_flash.h ****  * @return None
 188:C:/Users/choeoliv/Desktop/IFKOR FOC DRIVE/Libraries/XMCLib/inc\xmc_flash.h ****  *
 189:C:/Users/choeoliv/Desktop/IFKOR FOC DRIVE/Libraries/XMCLib/inc\xmc_flash.h ****  * \par<b>Description:</b><br>
 190:C:/Users/choeoliv/Desktop/IFKOR FOC DRIVE/Libraries/XMCLib/inc\xmc_flash.h ****  * \if XMC1
 191:C:/Users/choeoliv/Desktop/IFKOR FOC DRIVE/Libraries/XMCLib/inc\xmc_flash.h ****  * Programs a single flash page associated with the specified \a address.\n\n XMC1000 Flash can be 
 192:C:/Users/choeoliv/Desktop/IFKOR FOC DRIVE/Libraries/XMCLib/inc\xmc_flash.h ****  * page (256 bytes) using this API. It calls the Flash Firmware routine \a XMC1000_NvmProgVerify(un
 193:C:/Users/choeoliv/Desktop/IFKOR FOC DRIVE/Libraries/XMCLib/inc\xmc_flash.h ****  * to perform the programming. Refer XMC1000 reference manual of for more details on flash firmware
 194:C:/Users/choeoliv/Desktop/IFKOR FOC DRIVE/Libraries/XMCLib/inc\xmc_flash.h ****  * (Section 25.3). Call XMC_FLASH_GetStatus() API after calling this API, to verify the erase opera
 195:C:/Users/choeoliv/Desktop/IFKOR FOC DRIVE/Libraries/XMCLib/inc\xmc_flash.h ****  * \endif
 196:C:/Users/choeoliv/Desktop/IFKOR FOC DRIVE/Libraries/XMCLib/inc\xmc_flash.h ****  * \if XMC4
 197:C:/Users/choeoliv/Desktop/IFKOR FOC DRIVE/Libraries/XMCLib/inc\xmc_flash.h ****  * Programs a single flash page associated with the specified \a address.\n\n  XMC4000 flash can be
 198:C:/Users/choeoliv/Desktop/IFKOR FOC DRIVE/Libraries/XMCLib/inc\xmc_flash.h ****  * granularity of 256 bytes page using this API. Before entering into page write process, it clears
 199:C:/Users/choeoliv/Desktop/IFKOR FOC DRIVE/Libraries/XMCLib/inc\xmc_flash.h ****  * bits inside status register. It starts the write process by issuing the page mode command follow
 200:C:/Users/choeoliv/Desktop/IFKOR FOC DRIVE/Libraries/XMCLib/inc\xmc_flash.h ****  * command which loads the targeted \a data blocks into internal assembly buffer. Finally, it issue
 201:C:/Users/choeoliv/Desktop/IFKOR FOC DRIVE/Libraries/XMCLib/inc\xmc_flash.h ****  * command which programs the \a data into flash. Call XMC_FLASH_GetStatus() API after calling this
 202:C:/Users/choeoliv/Desktop/IFKOR FOC DRIVE/Libraries/XMCLib/inc\xmc_flash.h ****  * erase operation.\n
 203:C:/Users/choeoliv/Desktop/IFKOR FOC DRIVE/Libraries/XMCLib/inc\xmc_flash.h ****  * \endif
 204:C:/Users/choeoliv/Desktop/IFKOR FOC DRIVE/Libraries/XMCLib/inc\xmc_flash.h ****  *
 205:C:/Users/choeoliv/Desktop/IFKOR FOC DRIVE/Libraries/XMCLib/inc\xmc_flash.h ****  * \par<b>Note:</b><br>
 206:C:/Users/choeoliv/Desktop/IFKOR FOC DRIVE/Libraries/XMCLib/inc\xmc_flash.h ****  * Flash will be busy state during write is ongoing, hence no operations allowed until it completes
 207:C:/Users/choeoliv/Desktop/IFKOR FOC DRIVE/Libraries/XMCLib/inc\xmc_flash.h ****  *
 208:C:/Users/choeoliv/Desktop/IFKOR FOC DRIVE/Libraries/XMCLib/inc\xmc_flash.h ****  * \par<b>Related APIs:</b><BR>
 209:C:/Users/choeoliv/Desktop/IFKOR FOC DRIVE/Libraries/XMCLib/inc\xmc_flash.h ****  * None 
 210:C:/Users/choeoliv/Desktop/IFKOR FOC DRIVE/Libraries/XMCLib/inc\xmc_flash.h ****  *
 211:C:/Users/choeoliv/Desktop/IFKOR FOC DRIVE/Libraries/XMCLib/inc\xmc_flash.h ****  */
 212:C:/Users/choeoliv/Desktop/IFKOR FOC DRIVE/Libraries/XMCLib/inc\xmc_flash.h **** void XMC_FLASH_ProgramPage(uint32_t *address, const uint32_t *data);
 213:C:/Users/choeoliv/Desktop/IFKOR FOC DRIVE/Libraries/XMCLib/inc\xmc_flash.h **** 
 214:C:/Users/choeoliv/Desktop/IFKOR FOC DRIVE/Libraries/XMCLib/inc\xmc_flash.h **** /**
 215:C:/Users/choeoliv/Desktop/IFKOR FOC DRIVE/Libraries/XMCLib/inc\xmc_flash.h ****  *
 216:C:/Users/choeoliv/Desktop/IFKOR FOC DRIVE/Libraries/XMCLib/inc\xmc_flash.h ****  * @param address Pointer to the starting address of the page to be erased.
 217:C:/Users/choeoliv/Desktop/IFKOR FOC DRIVE/Libraries/XMCLib/inc\xmc_flash.h ****  *
 218:C:/Users/choeoliv/Desktop/IFKOR FOC DRIVE/Libraries/XMCLib/inc\xmc_flash.h ****  * @return None
 219:C:/Users/choeoliv/Desktop/IFKOR FOC DRIVE/Libraries/XMCLib/inc\xmc_flash.h ****  *
 220:C:/Users/choeoliv/Desktop/IFKOR FOC DRIVE/Libraries/XMCLib/inc\xmc_flash.h ****  * \par<b>Description:</b><br>
 221:C:/Users/choeoliv/Desktop/IFKOR FOC DRIVE/Libraries/XMCLib/inc\xmc_flash.h ****  * \if XMC1
 222:C:/Users/choeoliv/Desktop/IFKOR FOC DRIVE/Libraries/XMCLib/inc\xmc_flash.h ****  * Erases a complete sector starting from the \a address specified.\n\n  XMC1000 Flash can be erase
 223:C:/Users/choeoliv/Desktop/IFKOR FOC DRIVE/Libraries/XMCLib/inc\xmc_flash.h ****  * of one page = 16 blocks of 16 Bytes = 256 Bytes using this API. It internally calls XMC_FLASH_Er
 224:C:/Users/choeoliv/Desktop/IFKOR FOC DRIVE/Libraries/XMCLib/inc\xmc_flash.h ****  * times starting from the first page of the sector.. Call XMC_FLASH_GetStatus() API after calling 
 225:C:/Users/choeoliv/Desktop/IFKOR FOC DRIVE/Libraries/XMCLib/inc\xmc_flash.h ****  * to verify the erase operation.\n
 226:C:/Users/choeoliv/Desktop/IFKOR FOC DRIVE/Libraries/XMCLib/inc\xmc_flash.h ****  * \endif
 227:C:/Users/choeoliv/Desktop/IFKOR FOC DRIVE/Libraries/XMCLib/inc\xmc_flash.h ****  *
 228:C:/Users/choeoliv/Desktop/IFKOR FOC DRIVE/Libraries/XMCLib/inc\xmc_flash.h ****  * \if XMC4
 229:C:/Users/choeoliv/Desktop/IFKOR FOC DRIVE/Libraries/XMCLib/inc\xmc_flash.h ****  * Erases a sector associated with the specified \a address.\n\n  Before erase, it clears the error
 230:C:/Users/choeoliv/Desktop/IFKOR FOC DRIVE/Libraries/XMCLib/inc\xmc_flash.h ****  * FSR status register. Issues the erase sector command sequence with the specified starting \a add
 231:C:/Users/choeoliv/Desktop/IFKOR FOC DRIVE/Libraries/XMCLib/inc\xmc_flash.h ****  * erase process. Call XMC_FLASH_GetStatus() API after calling this API, to verify the erase operat
 232:C:/Users/choeoliv/Desktop/IFKOR FOC DRIVE/Libraries/XMCLib/inc\xmc_flash.h ****  * \endif
 233:C:/Users/choeoliv/Desktop/IFKOR FOC DRIVE/Libraries/XMCLib/inc\xmc_flash.h ****  * \if XMC1
 234:C:/Users/choeoliv/Desktop/IFKOR FOC DRIVE/Libraries/XMCLib/inc\xmc_flash.h ****  * \par<b>Related APIs:</b><BR>
 235:C:/Users/choeoliv/Desktop/IFKOR FOC DRIVE/Libraries/XMCLib/inc\xmc_flash.h ****  * XMC_FLASH_ErasePages() \n\n\n
 236:C:/Users/choeoliv/Desktop/IFKOR FOC DRIVE/Libraries/XMCLib/inc\xmc_flash.h ****  * \endif
 237:C:/Users/choeoliv/Desktop/IFKOR FOC DRIVE/Libraries/XMCLib/inc\xmc_flash.h ****  * \if XMC4
 238:C:/Users/choeoliv/Desktop/IFKOR FOC DRIVE/Libraries/XMCLib/inc\xmc_flash.h ****  * \par<b>Related APIs:</b><BR>
 239:C:/Users/choeoliv/Desktop/IFKOR FOC DRIVE/Libraries/XMCLib/inc\xmc_flash.h ****  * None
 240:C:/Users/choeoliv/Desktop/IFKOR FOC DRIVE/Libraries/XMCLib/inc\xmc_flash.h ****  * \endif
 241:C:/Users/choeoliv/Desktop/IFKOR FOC DRIVE/Libraries/XMCLib/inc\xmc_flash.h ****  */
 242:C:/Users/choeoliv/Desktop/IFKOR FOC DRIVE/Libraries/XMCLib/inc\xmc_flash.h **** void XMC_FLASH_EraseSector(uint32_t *address);
 243:C:/Users/choeoliv/Desktop/IFKOR FOC DRIVE/Libraries/XMCLib/inc\xmc_flash.h **** 
 244:C:/Users/choeoliv/Desktop/IFKOR FOC DRIVE/Libraries/XMCLib/inc\xmc_flash.h **** /**
 245:C:/Users/choeoliv/Desktop/IFKOR FOC DRIVE/Libraries/XMCLib/inc\xmc_flash.h ****  *
 246:C:/Users/choeoliv/Desktop/IFKOR FOC DRIVE/Libraries/XMCLib/inc\xmc_flash.h ****  * @param None
 247:C:/Users/choeoliv/Desktop/IFKOR FOC DRIVE/Libraries/XMCLib/inc\xmc_flash.h ****  *
 248:C:/Users/choeoliv/Desktop/IFKOR FOC DRIVE/Libraries/XMCLib/inc\xmc_flash.h ****  * @return true if flash is in busy state else returns \a false.
 249:C:/Users/choeoliv/Desktop/IFKOR FOC DRIVE/Libraries/XMCLib/inc\xmc_flash.h ****  *
 250:C:/Users/choeoliv/Desktop/IFKOR FOC DRIVE/Libraries/XMCLib/inc\xmc_flash.h ****  * \par<b>Description:</b><br>
 251:C:/Users/choeoliv/Desktop/IFKOR FOC DRIVE/Libraries/XMCLib/inc\xmc_flash.h ****  * Checks whether flash is in busy state or not.\n\n  It is checked by calling the XMC_FLASH_GetSta
 252:C:/Users/choeoliv/Desktop/IFKOR FOC DRIVE/Libraries/XMCLib/inc\xmc_flash.h ****  * Refer XMC_FLASH_GetStatus() for more details.\n
 253:C:/Users/choeoliv/Desktop/IFKOR FOC DRIVE/Libraries/XMCLib/inc\xmc_flash.h ****  *
 254:C:/Users/choeoliv/Desktop/IFKOR FOC DRIVE/Libraries/XMCLib/inc\xmc_flash.h ****  * \par<b>Related APIs:</b><BR>
 255:C:/Users/choeoliv/Desktop/IFKOR FOC DRIVE/Libraries/XMCLib/inc\xmc_flash.h ****  * XMC_FLASH_GetStatus()\n\n\n
 256:C:/Users/choeoliv/Desktop/IFKOR FOC DRIVE/Libraries/XMCLib/inc\xmc_flash.h ****  *
 257:C:/Users/choeoliv/Desktop/IFKOR FOC DRIVE/Libraries/XMCLib/inc\xmc_flash.h ****  */
 258:C:/Users/choeoliv/Desktop/IFKOR FOC DRIVE/Libraries/XMCLib/inc\xmc_flash.h **** __STATIC_INLINE bool XMC_FLASH_IsBusy(void)
 259:C:/Users/choeoliv/Desktop/IFKOR FOC DRIVE/Libraries/XMCLib/inc\xmc_flash.h **** {
 260:C:/Users/choeoliv/Desktop/IFKOR FOC DRIVE/Libraries/XMCLib/inc\xmc_flash.h ****   return (bool)(XMC_FLASH_GetStatus() & XMC_FLASH_STATUS_BUSY);
 242              	 .loc 2 260 0 discriminator 1
 243 0028 0124     	 mov r4,#1
 244              	.LBB26:
 245              	.LBB27:
  95:../Libraries/XMCLib/src/xmc1_flash.c **** }
 246              	 .loc 1 95 0 discriminator 1
 247 002a 0D4D     	 ldr r5,.L26
 248              	.LVL12:
 249              	.L22:
 250              	.LBE27:
 251              	.LBE26:
 252              	.LBE25:
 253              	.LBE24:
 147:../Libraries/XMCLib/src/xmc1_flash.c ****   {
 148:../Libraries/XMCLib/src/xmc1_flash.c ****     for (word = 0U; word < XMC_FLASH_WORDS_PER_BLOCK; ++word)
 149:../Libraries/XMCLib/src/xmc1_flash.c ****     {
 150:../Libraries/XMCLib/src/xmc1_flash.c ****       *address = *data;
 254              	 .loc 1 150 0 discriminator 1
 255 002c 0B68     	 ldr r3,[r1]
 256 002e 0360     	 str r3,[r0]
 257              	.LVL13:
 258 0030 4B68     	 ldr r3,[r1,#4]
 259 0032 4360     	 str r3,[r0,#4]
 260              	.LVL14:
 261 0034 8B68     	 ldr r3,[r1,#8]
 262 0036 8360     	 str r3,[r0,#8]
 263              	.LVL15:
 264 0038 CB68     	 ldr r3,[r1,#12]
 265 003a 1031     	 add r1,r1,#16
 266              	.LVL16:
 267 003c C360     	 str r3,[r0,#12]
 268 003e 1030     	 add r0,r0,#16
 269              	.LVL17:
 270              	.L20:
 271              	.LBB31:
 272              	.LBB30:
 273              	.LBB29:
 274              	.LBB28:
  95:../Libraries/XMCLib/src/xmc1_flash.c **** }
 275              	 .loc 1 95 0 discriminator 1
 276 0040 2B88     	 ldrh r3,[r5]
 277              	.LBE28:
 278              	.LBE29:
 279              	.LBE30:
 280              	.LBE31:
 151:../Libraries/XMCLib/src/xmc1_flash.c ****       data++;
 152:../Libraries/XMCLib/src/xmc1_flash.c ****       address++;
 153:../Libraries/XMCLib/src/xmc1_flash.c ****     }
 154:../Libraries/XMCLib/src/xmc1_flash.c ****       
 155:../Libraries/XMCLib/src/xmc1_flash.c ****     while (XMC_FLASH_IsBusy() == true)
 281              	 .loc 1 155 0 discriminator 1
 282 0042 1C42     	 tst r4,r3
 283 0044 FCD1     	 bne .L20
 146:../Libraries/XMCLib/src/xmc1_flash.c ****   {
 284              	 .loc 1 146 0 discriminator 2
 285 0046 0136     	 add r6,r6,#1
 286              	.LVL18:
 287 0048 9642     	 cmp r6,r2
 288 004a EFD1     	 bne .L22
 289              	.LVL19:
 290              	.L19:
 156:../Libraries/XMCLib/src/xmc1_flash.c ****     {
 157:../Libraries/XMCLib/src/xmc1_flash.c ****     }
 158:../Libraries/XMCLib/src/xmc1_flash.c ****   }
 159:../Libraries/XMCLib/src/xmc1_flash.c **** 
 160:../Libraries/XMCLib/src/xmc1_flash.c ****   /* Stop continuous write operation */
 161:../Libraries/XMCLib/src/xmc1_flash.c ****   NVM->NVMPROG &= (uint16_t)(~(uint16_t)NVM_NVMPROG_ACTION_Msk);
 291              	 .loc 1 161 0
 292 004c FF21     	 mov r1,#255
 293              	.LVL20:
 294 004e 044A     	 ldr r2,.L26
 295              	.LVL21:
 162:../Libraries/XMCLib/src/xmc1_flash.c **** }
 296              	 .loc 1 162 0
 297              	 
 161:../Libraries/XMCLib/src/xmc1_flash.c **** }
 298              	 .loc 1 161 0
 299 0050 9388     	 ldrh r3,[r2,#4]
 300 0052 8B43     	 bic r3,r1
 301 0054 9380     	 strh r3,[r2,#4]
 302              	 .loc 1 162 0
 303 0056 70BD     	 pop {r4,r5,r6,pc}
 304              	.LVL22:
 305              	.L16:
 143:../Libraries/XMCLib/src/xmc1_flash.c ****   }
 306              	 .loc 1 143 0
 307 0058 A123     	 mov r3,#161
 308              	.LVL23:
 309 005a 2B43     	 orr r3,r5
 310 005c A380     	 strh r3,[r4,#4]
 311 005e E0E7     	 b .L17
 312              	.L27:
 313              	 .align 2
 314              	.L26:
 315 0060 00000540 	 .word 1074069504
 316              	 .cfi_endproc
 317              	.LFE52:
 319              	 .section .text.XMC_FLASH_ErasePages,"ax",%progbits
 320              	 .align 2
 321              	 .global XMC_FLASH_ErasePages
 322              	 .code 16
 323              	 .thumb_func
 325              	XMC_FLASH_ErasePages:
 326              	.LFB53:
 163:../Libraries/XMCLib/src/xmc1_flash.c **** 
 164:../Libraries/XMCLib/src/xmc1_flash.c **** /* Erase flash pages */
 165:../Libraries/XMCLib/src/xmc1_flash.c **** void XMC_FLASH_ErasePages(uint32_t *address, uint32_t num_pages)
 166:../Libraries/XMCLib/src/xmc1_flash.c **** {
 327              	 .loc 1 166 0
 328              	 .cfi_startproc
 329              	.LVL24:
 330 0000 F8B5     	 push {r3,r4,r5,r6,r7,lr}
 331              	 .cfi_def_cfa_offset 24
 332              	 .cfi_offset 3,-24
 333              	 .cfi_offset 4,-20
 334              	 .cfi_offset 5,-16
 335              	 .cfi_offset 6,-12
 336              	 .cfi_offset 7,-8
 337              	 .cfi_offset 14,-4
 338 0002 4646     	 mov r6,r8
 339 0004 4F46     	 mov r7,r9
 340 0006 8846     	 mov r8,r1
 341 0008 C0B4     	 push {r6,r7}
 342              	 .cfi_def_cfa_offset 32
 343              	 .cfi_offset 8,-32
 344              	 .cfi_offset 9,-28
 345              	 .loc 1 166 0
 346 000a 071C     	 mov r7,r0
 167:../Libraries/XMCLib/src/xmc1_flash.c ****   uint32_t page;
 168:../Libraries/XMCLib/src/xmc1_flash.c **** 
 169:../Libraries/XMCLib/src/xmc1_flash.c ****   XMC_ASSERT("XMC_FLASH_ErasePages: Starting address not aligned to Page",
 170:../Libraries/XMCLib/src/xmc1_flash.c ****                                                                     ((uint32_t)address & FLASH_PAGE
 171:../Libraries/XMCLib/src/xmc1_flash.c **** 
 172:../Libraries/XMCLib/src/xmc1_flash.c ****   for (page = 0U; page < num_pages; ++page)
 347              	 .loc 1 172 0
 348 000c 0026     	 mov r6,#0
 349 000e 0029     	 cmp r1,#0
 350 0010 10D0     	 beq .L28
 173:../Libraries/XMCLib/src/xmc1_flash.c ****   {
 174:../Libraries/XMCLib/src/xmc1_flash.c ****     (void)XMC1000_NvmErasePage(address);
 351              	 .loc 1 174 0
 352 0012 8023     	 mov r3,#128
 353 0014 5B00     	 lsl r3,r3,#1
 354 0016 9946     	 mov r9,r3
 355              	.LBB32:
 356              	.LBB33:
 357              	 .loc 2 260 0
 358 0018 0124     	 mov r4,#1
 359              	.LBB34:
 360              	.LBB35:
  95:../Libraries/XMCLib/src/xmc1_flash.c **** }
 361              	 .loc 1 95 0
 362 001a 084D     	 ldr r5,.L36
 363              	.LVL25:
 364              	.L33:
 365              	.LBE35:
 366              	.LBE34:
 367              	.LBE33:
 368              	.LBE32:
 369              	 .loc 1 174 0
 370 001c 4B46     	 mov r3,r9
 371 001e 381C     	 mov r0,r7
 372 0020 1B68     	 ldr r3,[r3]
 373 0022 9847     	 blx r3
 374              	.LVL26:
 375              	.L30:
 376              	.LBB39:
 377              	.LBB38:
 378              	.LBB37:
 379              	.LBB36:
  95:../Libraries/XMCLib/src/xmc1_flash.c **** }
 380              	 .loc 1 95 0 discriminator 1
 381 0024 2B88     	 ldrh r3,[r5]
 382              	.LBE36:
 383              	.LBE37:
 384              	.LBE38:
 385              	.LBE39:
 175:../Libraries/XMCLib/src/xmc1_flash.c **** 
 176:../Libraries/XMCLib/src/xmc1_flash.c ****     while (XMC_FLASH_IsBusy() == true)
 386              	 .loc 1 176 0 discriminator 1
 387 0026 1C42     	 tst r4,r3
 388 0028 FCD1     	 bne .L30
 177:../Libraries/XMCLib/src/xmc1_flash.c ****     {
 178:../Libraries/XMCLib/src/xmc1_flash.c ****     }
 179:../Libraries/XMCLib/src/xmc1_flash.c **** 
 180:../Libraries/XMCLib/src/xmc1_flash.c ****     /* Increment the page address for the next erase */
 181:../Libraries/XMCLib/src/xmc1_flash.c ****     address += XMC_FLASH_WORDS_PER_PAGE;
 389              	 .loc 1 181 0 discriminator 2
 390 002a 0137     	 add r7,r7,#1
 391              	.LVL27:
 172:../Libraries/XMCLib/src/xmc1_flash.c ****   {
 392              	 .loc 1 172 0 discriminator 2
 393 002c 0136     	 add r6,r6,#1
 394              	.LVL28:
 395              	 .loc 1 181 0 discriminator 2
 396 002e FF37     	 add r7,r7,#255
 397              	.LVL29:
 172:../Libraries/XMCLib/src/xmc1_flash.c ****   {
 398              	 .loc 1 172 0 discriminator 2
 399 0030 4645     	 cmp r6,r8
 400 0032 F3D1     	 bne .L33
 401              	.LVL30:
 402              	.L28:
 182:../Libraries/XMCLib/src/xmc1_flash.c **** 
 183:../Libraries/XMCLib/src/xmc1_flash.c ****   }
 184:../Libraries/XMCLib/src/xmc1_flash.c **** 
 185:../Libraries/XMCLib/src/xmc1_flash.c **** }
 403              	 .loc 1 185 0
 404              	 
 405              	.LVL31:
 406              	.LVL32:
 407 0034 0CBC     	 pop {r2,r3}
 408 0036 9046     	 mov r8,r2
 409 0038 9946     	 mov r9,r3
 410 003a F8BD     	 pop {r3,r4,r5,r6,r7,pc}
 411              	.L37:
 412              	 .align 2
 413              	.L36:
 414 003c 00000540 	 .word 1074069504
 415              	 .cfi_endproc
 416              	.LFE53:
 418              	 .section .text.XMC_FLASH_VerifyBlocks,"ax",%progbits
 419              	 .align 2
 420              	 .global XMC_FLASH_VerifyBlocks
 421              	 .code 16
 422              	 .thumb_func
 424              	XMC_FLASH_VerifyBlocks:
 425              	.LFB54:
 186:../Libraries/XMCLib/src/xmc1_flash.c **** 
 187:../Libraries/XMCLib/src/xmc1_flash.c **** /* Write multiple data blocks and verify the written data */
 188:../Libraries/XMCLib/src/xmc1_flash.c **** void XMC_FLASH_VerifyBlocks(uint32_t *address, const uint32_t *data, uint32_t num_blocks)
 189:../Libraries/XMCLib/src/xmc1_flash.c **** {
 426              	 .loc 1 189 0
 427              	 .cfi_startproc
 428              	.LVL33:
 429 0000 70B5     	 push {r4,r5,r6,lr}
 430              	 .cfi_def_cfa_offset 16
 431              	 .cfi_offset 4,-16
 432              	 .cfi_offset 5,-12
 433              	 .cfi_offset 6,-8
 434              	 .cfi_offset 14,-4
 190:../Libraries/XMCLib/src/xmc1_flash.c ****   uint32_t word;
 191:../Libraries/XMCLib/src/xmc1_flash.c ****   uint32_t block;
 192:../Libraries/XMCLib/src/xmc1_flash.c **** 
 193:../Libraries/XMCLib/src/xmc1_flash.c ****   XMC_ASSERT("XMC_FLASH_VerifyBlocks: Starting address not aligned to Block",
 194:../Libraries/XMCLib/src/xmc1_flash.c ****                                                                    ((uint32_t)address & FLASH_BLOCK
 195:../Libraries/XMCLib/src/xmc1_flash.c **** 
 196:../Libraries/XMCLib/src/xmc1_flash.c ****   /* Configure the Continuous write with verify option command and reset the NVM error / verificati
 197:../Libraries/XMCLib/src/xmc1_flash.c ****   NVM->NVMPROG &= (uint16_t)~NVM_NVMPROG_ACTION_Msk;
 435              	 .loc 1 197 0
 436 0002 FF25     	 mov r5,#255
 437 0004 104C     	 ldr r4,.L46
 198:../Libraries/XMCLib/src/xmc1_flash.c ****   NVM->NVMPROG |= (uint16_t)((uint16_t)NVM_NVMPROG_RSTVERR_Msk | 
 199:../Libraries/XMCLib/src/xmc1_flash.c ****                              (uint16_t)NVM_NVMPROG_RSTECC_Msk | 
 200:../Libraries/XMCLib/src/xmc1_flash.c ****                              (uint16_t)FLASH_ACTION_CONTINUOUS_VERIFY_ONLY);
 201:../Libraries/XMCLib/src/xmc1_flash.c **** 
 202:../Libraries/XMCLib/src/xmc1_flash.c ****   for (block = 0U; block < num_blocks; ++block)
 438              	 .loc 1 202 0
 439 0006 0026     	 mov r6,#0
 197:../Libraries/XMCLib/src/xmc1_flash.c ****   NVM->NVMPROG |= (uint16_t)((uint16_t)NVM_NVMPROG_RSTVERR_Msk | 
 440              	 .loc 1 197 0
 441 0008 A388     	 ldrh r3,[r4,#4]
 442 000a AB43     	 bic r3,r5
 443 000c A380     	 strh r3,[r4,#4]
 198:../Libraries/XMCLib/src/xmc1_flash.c ****   NVM->NVMPROG |= (uint16_t)((uint16_t)NVM_NVMPROG_RSTVERR_Msk | 
 444              	 .loc 1 198 0
 445 000e A388     	 ldrh r3,[r4,#4]
 446 0010 0E4D     	 ldr r5,.L46+4
 447 0012 2B43     	 orr r3,r5
 448 0014 A380     	 strh r3,[r4,#4]
 449              	.LVL34:
 450              	.LBB40:
 451              	.LBB41:
 452              	 .loc 2 260 0
 453 0016 0125     	 mov r5,#1
 454              	.LBE41:
 455              	.LBE40:
 456              	 .loc 1 202 0
 457 0018 002A     	 cmp r2,#0
 458 001a 0FD0     	 beq .L40
 459              	.LVL35:
 460              	.L43:
 203:../Libraries/XMCLib/src/xmc1_flash.c ****   {
 204:../Libraries/XMCLib/src/xmc1_flash.c ****     for (word = 0U; word < XMC_FLASH_WORDS_PER_BLOCK; ++word)
 205:../Libraries/XMCLib/src/xmc1_flash.c ****     {
 206:../Libraries/XMCLib/src/xmc1_flash.c ****       *address = *data;
 461              	 .loc 1 206 0 discriminator 1
 462 001c 0B68     	 ldr r3,[r1]
 463 001e 0360     	 str r3,[r0]
 464              	.LVL36:
 465 0020 4B68     	 ldr r3,[r1,#4]
 466 0022 4360     	 str r3,[r0,#4]
 467              	.LVL37:
 468 0024 8B68     	 ldr r3,[r1,#8]
 469 0026 8360     	 str r3,[r0,#8]
 470              	.LVL38:
 471 0028 CB68     	 ldr r3,[r1,#12]
 472 002a 1031     	 add r1,r1,#16
 473              	.LVL39:
 474 002c C360     	 str r3,[r0,#12]
 475 002e 1030     	 add r0,r0,#16
 476              	.LVL40:
 477              	.L41:
 478              	.LBB45:
 479              	.LBB44:
 480              	.LBB42:
 481              	.LBB43:
  95:../Libraries/XMCLib/src/xmc1_flash.c **** }
 482              	 .loc 1 95 0 discriminator 1
 483 0030 2388     	 ldrh r3,[r4]
 484              	.LBE43:
 485              	.LBE42:
 486              	.LBE44:
 487              	.LBE45:
 207:../Libraries/XMCLib/src/xmc1_flash.c ****       data++;
 208:../Libraries/XMCLib/src/xmc1_flash.c ****       address++;
 209:../Libraries/XMCLib/src/xmc1_flash.c ****     }
 210:../Libraries/XMCLib/src/xmc1_flash.c **** 
 211:../Libraries/XMCLib/src/xmc1_flash.c ****     while (XMC_FLASH_IsBusy() == true)
 488              	 .loc 1 211 0 discriminator 1
 489 0032 1D42     	 tst r5,r3
 490 0034 FCD1     	 bne .L41
 202:../Libraries/XMCLib/src/xmc1_flash.c ****   {
 491              	 .loc 1 202 0 discriminator 2
 492 0036 0136     	 add r6,r6,#1
 493              	.LVL41:
 494 0038 9642     	 cmp r6,r2
 495 003a EFD1     	 bne .L43
 496              	.LVL42:
 497              	.L40:
 212:../Libraries/XMCLib/src/xmc1_flash.c ****     {
 213:../Libraries/XMCLib/src/xmc1_flash.c ****     }
 214:../Libraries/XMCLib/src/xmc1_flash.c ****   }
 215:../Libraries/XMCLib/src/xmc1_flash.c **** 
 216:../Libraries/XMCLib/src/xmc1_flash.c ****   /* Stop continuous verify operation */
 217:../Libraries/XMCLib/src/xmc1_flash.c ****   NVM->NVMPROG &= (uint16_t)(~(uint16_t)NVM_NVMPROG_ACTION_Msk);
 498              	 .loc 1 217 0
 499 003c FF21     	 mov r1,#255
 500              	.LVL43:
 501 003e 024A     	 ldr r2,.L46
 502              	.LVL44:
 218:../Libraries/XMCLib/src/xmc1_flash.c **** }
 503              	 .loc 1 218 0
 504              	 
 217:../Libraries/XMCLib/src/xmc1_flash.c **** }
 505              	 .loc 1 217 0
 506 0040 9388     	 ldrh r3,[r2,#4]
 507 0042 8B43     	 bic r3,r1
 508 0044 9380     	 strh r3,[r2,#4]
 509              	 .loc 1 218 0
 510 0046 70BD     	 pop {r4,r5,r6,pc}
 511              	.L47:
 512              	 .align 2
 513              	.L46:
 514 0048 00000540 	 .word 1074069504
 515 004c E0300000 	 .word 12512
 516              	 .cfi_endproc
 517              	.LFE54:
 519              	 .section .text.XMC_FLASH_ReadBlocks,"ax",%progbits
 520              	 .align 2
 521              	 .global XMC_FLASH_ReadBlocks
 522              	 .code 16
 523              	 .thumb_func
 525              	XMC_FLASH_ReadBlocks:
 526              	.LFB55:
 219:../Libraries/XMCLib/src/xmc1_flash.c **** 
 220:../Libraries/XMCLib/src/xmc1_flash.c **** /* Read data blocks from flash */
 221:../Libraries/XMCLib/src/xmc1_flash.c **** void XMC_FLASH_ReadBlocks(uint32_t *address, uint32_t *data, uint32_t num_blocks)
 222:../Libraries/XMCLib/src/xmc1_flash.c **** {
 527              	 .loc 1 222 0
 528              	 .cfi_startproc
 529              	.LVL45:
 530 0000 10B5     	 push {r4,lr}
 531              	 .cfi_def_cfa_offset 8
 532              	 .cfi_offset 4,-8
 533              	 .cfi_offset 14,-4
 223:../Libraries/XMCLib/src/xmc1_flash.c ****   uint32_t word;
 224:../Libraries/XMCLib/src/xmc1_flash.c ****   uint32_t block;
 225:../Libraries/XMCLib/src/xmc1_flash.c **** 
 226:../Libraries/XMCLib/src/xmc1_flash.c ****   XMC_ASSERT("XMC_FLASH_ReadBlocks: Starting address not aligned to Block",
 227:../Libraries/XMCLib/src/xmc1_flash.c ****                                                                   ((uint32_t)address & FLASH_BLOCK_
 228:../Libraries/XMCLib/src/xmc1_flash.c **** 
 229:../Libraries/XMCLib/src/xmc1_flash.c ****   for (block = 0U; block < num_blocks; ++block)
 534              	 .loc 1 229 0
 535 0002 0023     	 mov r3,#0
 536 0004 002A     	 cmp r2,#0
 537 0006 0CD0     	 beq .L48
 538              	.LVL46:
 539              	.L52:
 230:../Libraries/XMCLib/src/xmc1_flash.c ****   {
 231:../Libraries/XMCLib/src/xmc1_flash.c ****     for (word = 0U; word < XMC_FLASH_WORDS_PER_BLOCK; ++word)
 232:../Libraries/XMCLib/src/xmc1_flash.c ****     {
 233:../Libraries/XMCLib/src/xmc1_flash.c ****       *data = *address;
 540              	 .loc 1 233 0 discriminator 1
 541 0008 0468     	 ldr r4,[r0]
 229:../Libraries/XMCLib/src/xmc1_flash.c ****   {
 542              	 .loc 1 229 0 discriminator 1
 543 000a 0133     	 add r3,r3,#1
 544              	.LVL47:
 545              	 .loc 1 233 0 discriminator 1
 546 000c 0C60     	 str r4,[r1]
 547              	.LVL48:
 548 000e 4468     	 ldr r4,[r0,#4]
 549 0010 4C60     	 str r4,[r1,#4]
 550              	.LVL49:
 551 0012 8468     	 ldr r4,[r0,#8]
 552 0014 8C60     	 str r4,[r1,#8]
 553              	.LVL50:
 554 0016 C468     	 ldr r4,[r0,#12]
 555 0018 1030     	 add r0,r0,#16
 556              	.LVL51:
 557 001a CC60     	 str r4,[r1,#12]
 558 001c 1031     	 add r1,r1,#16
 559              	.LVL52:
 229:../Libraries/XMCLib/src/xmc1_flash.c ****   {
 560              	 .loc 1 229 0 discriminator 1
 561 001e 9342     	 cmp r3,r2
 562 0020 F2D1     	 bne .L52
 563              	.LVL53:
 564              	.L48:
 234:../Libraries/XMCLib/src/xmc1_flash.c ****       data++;
 235:../Libraries/XMCLib/src/xmc1_flash.c ****       address++;
 236:../Libraries/XMCLib/src/xmc1_flash.c ****     }
 237:../Libraries/XMCLib/src/xmc1_flash.c ****   }
 238:../Libraries/XMCLib/src/xmc1_flash.c **** }
 565              	 .loc 1 238 0
 566              	 
 567 0022 10BD     	 pop {r4,pc}
 568              	 .cfi_endproc
 569              	.LFE55:
 571              	 .section .text.XMC_FLASH_EraseSector,"ax",%progbits
 572              	 .align 2
 573              	 .global XMC_FLASH_EraseSector
 574              	 .code 16
 575              	 .thumb_func
 577              	XMC_FLASH_EraseSector:
 578              	.LFB56:
 239:../Libraries/XMCLib/src/xmc1_flash.c **** 
 240:../Libraries/XMCLib/src/xmc1_flash.c **** /* Erase single sector */
 241:../Libraries/XMCLib/src/xmc1_flash.c **** void XMC_FLASH_EraseSector(uint32_t *address)
 242:../Libraries/XMCLib/src/xmc1_flash.c **** {
 579              	 .loc 1 242 0
 580              	 .cfi_startproc
 581              	.LVL54:
 582 0000 8023     	 mov r3,#128
 583 0002 F0B5     	 push {r4,r5,r6,r7,lr}
 584              	 .cfi_def_cfa_offset 20
 585              	 .cfi_offset 4,-20
 586              	 .cfi_offset 5,-16
 587              	 .cfi_offset 6,-12
 588              	 .cfi_offset 7,-8
 589              	 .cfi_offset 14,-4
 590 0004 4746     	 mov r7,r8
 591 0006 5B01     	 lsl r3,r3,#5
 592 0008 80B4     	 push {r7}
 593              	 .cfi_def_cfa_offset 24
 594              	 .cfi_offset 8,-24
 595 000a 9846     	 mov r8,r3
 596              	.LBB46:
 597              	.LBB47:
 174:../Libraries/XMCLib/src/xmc1_flash.c **** 
 598              	 .loc 1 174 0
 599 000c 8027     	 mov r7,#128
 600              	.LBE47:
 601              	.LBE46:
 602              	 .loc 1 242 0
 603 000e 061C     	 mov r6,r0
 604              	.LBB57:
 605              	.LBB56:
 606              	.LBB48:
 607              	.LBB49:
 608              	 .loc 2 260 0
 609 0010 0124     	 mov r4,#1
 610              	.LBB50:
 611              	.LBB51:
  95:../Libraries/XMCLib/src/xmc1_flash.c **** }
 612              	 .loc 1 95 0
 613 0012 084D     	 ldr r5,.L59
 614 0014 8044     	 add r8,r8,r0
 615              	.LBE51:
 616              	.LBE50:
 617              	.LBE49:
 618              	.LBE48:
 174:../Libraries/XMCLib/src/xmc1_flash.c **** 
 619              	 .loc 1 174 0
 620 0016 7F00     	 lsl r7,r7,#1
 621              	.LVL55:
 622              	.L56:
 623 0018 301C     	 mov r0,r6
 624 001a 3B68     	 ldr r3,[r7]
 625 001c 9847     	 blx r3
 626              	.LVL56:
 627              	.L55:
 628              	.LBB55:
 629              	.LBB54:
 630              	.LBB53:
 631              	.LBB52:
  95:../Libraries/XMCLib/src/xmc1_flash.c **** }
 632              	 .loc 1 95 0
 633 001e 2B88     	 ldrh r3,[r5]
 634              	.LBE52:
 635              	.LBE53:
 636              	.LBE54:
 637              	.LBE55:
 176:../Libraries/XMCLib/src/xmc1_flash.c ****     {
 638              	 .loc 1 176 0
 639 0020 1C42     	 tst r4,r3
 640 0022 FCD1     	 bne .L55
 181:../Libraries/XMCLib/src/xmc1_flash.c **** 
 641              	 .loc 1 181 0
 642 0024 0136     	 add r6,r6,#1
 643              	.LVL57:
 644 0026 FF36     	 add r6,r6,#255
 645              	.LVL58:
 172:../Libraries/XMCLib/src/xmc1_flash.c ****   {
 646              	 .loc 1 172 0
 647 0028 4645     	 cmp r6,r8
 648 002a F5D1     	 bne .L56
 649              	.LBE56:
 650              	.LBE57:
 243:../Libraries/XMCLib/src/xmc1_flash.c ****   XMC_ASSERT("XMC_FLASH_EraseSector: Starting address not aligned to Sector",
 244:../Libraries/XMCLib/src/xmc1_flash.c ****                                                                  ((uint32_t)address & FLASH_SECTOR_
 245:../Libraries/XMCLib/src/xmc1_flash.c ****   XMC_FLASH_ErasePages(address, XMC_FLASH_PAGES_PER_SECTOR);
 246:../Libraries/XMCLib/src/xmc1_flash.c **** }
 651              	 .loc 1 246 0
 652              	 
 653              	.LVL59:
 654 002c 04BC     	 pop {r2}
 655 002e 9046     	 mov r8,r2
 656 0030 F0BD     	 pop {r4,r5,r6,r7,pc}
 657              	.L60:
 658 0032 C046     	 .align 2
 659              	.L59:
 660 0034 00000540 	 .word 1074069504
 661              	 .cfi_endproc
 662              	.LFE56:
 664              	 .section .text.XMC_FLASH_ProgramPage,"ax",%progbits
 665              	 .align 2
 666              	 .global XMC_FLASH_ProgramPage
 667              	 .code 16
 668              	 .thumb_func
 670              	XMC_FLASH_ProgramPage:
 671              	.LFB57:
 247:../Libraries/XMCLib/src/xmc1_flash.c **** 
 248:../Libraries/XMCLib/src/xmc1_flash.c **** /* Program single page */
 249:../Libraries/XMCLib/src/xmc1_flash.c **** void XMC_FLASH_ProgramPage(uint32_t *address, const uint32_t *data)
 250:../Libraries/XMCLib/src/xmc1_flash.c **** {
 672              	 .loc 1 250 0
 673              	 .cfi_startproc
 674              	.LVL60:
 675 0000 08B5     	 push {r3,lr}
 676              	 .cfi_def_cfa_offset 8
 677              	 .cfi_offset 3,-8
 678              	 .cfi_offset 14,-4
 679              	.LBB58:
 680              	.LBB59:
 121:../Libraries/XMCLib/src/xmc1_flash.c **** }
 681              	 .loc 1 121 0
 682 0002 8223     	 mov r3,#130
 683              	.LBE59:
 684              	.LBE58:
 685              	 .loc 1 250 0
 686 0004 021C     	 mov r2,r0
 687              	.LVL61:
 688              	.LBB61:
 689              	.LBB60:
 121:../Libraries/XMCLib/src/xmc1_flash.c **** }
 690              	 .loc 1 121 0
 691 0006 5B00     	 lsl r3,r3,#1
 692 0008 081C     	 mov r0,r1
 693              	.LVL62:
 694 000a 1B68     	 ldr r3,[r3]
 695 000c 111C     	 mov r1,r2
 696              	.LVL63:
 697 000e 9847     	 blx r3
 698              	.LVL64:
 699              	.LBE60:
 700              	.LBE61:
 251:../Libraries/XMCLib/src/xmc1_flash.c ****   XMC_FLASH_ProgramVerifyPage(address, data);
 252:../Libraries/XMCLib/src/xmc1_flash.c **** }
 701              	 .loc 1 252 0
 702              	 
 703 0010 08BD     	 pop {r3,pc}
 704              	 .cfi_endproc
 705              	.LFE57:
 707 0012 C046     	 .text
 708              	.Letext0:
 709              	 .file 3 "c:\\dave-ide-4.4.2-64bit\\eclipse\\arm-gcc-49\\arm-none-eabi\\include\\machine\\_default_types.h"
 710              	 .file 4 "c:\\dave-ide-4.4.2-64bit\\eclipse\\arm-gcc-49\\arm-none-eabi\\include\\stdint.h"
 711              	 .file 5 "C:/Users/choeoliv/Desktop/IFKOR FOC DRIVE/Libraries/CMSIS/Infineon/XMC1300_series/Include/XMC1300.h"
 712              	 .file 6 "C:/Users/choeoliv/Desktop/IFKOR FOC DRIVE/Libraries/CMSIS/Infineon/XMC1300_series/Include/XMC1000_RomFunctionTable.h"
 713              	 .file 7 "C:/Users/choeoliv/Desktop/IFKOR FOC DRIVE/Libraries/XMCLib/inc/xmc1_flash.h"
DEFINED SYMBOLS
                            *ABS*:00000000 xmc1_flash.c
    {standard input}:18     .text.XMC_FLASH_ClearStatus:00000000 $t
    {standard input}:23     .text.XMC_FLASH_ClearStatus:00000000 XMC_FLASH_ClearStatus
    {standard input}:43     .text.XMC_FLASH_ClearStatus:00000010 $d
    {standard input}:48     .text.XMC_FLASH_GetStatus:00000000 $t
    {standard input}:53     .text.XMC_FLASH_GetStatus:00000000 XMC_FLASH_GetStatus
    {standard input}:69     .text.XMC_FLASH_GetStatus:00000008 $d
    {standard input}:74     .text.XMC_FLASH_EnableEvent:00000000 $t
    {standard input}:79     .text.XMC_FLASH_EnableEvent:00000000 XMC_FLASH_EnableEvent
    {standard input}:99     .text.XMC_FLASH_EnableEvent:0000000c $d
    {standard input}:104    .text.XMC_FLASH_DisableEvent:00000000 $t
    {standard input}:109    .text.XMC_FLASH_DisableEvent:00000000 XMC_FLASH_DisableEvent
    {standard input}:127    .text.XMC_FLASH_DisableEvent:0000000c $d
    {standard input}:132    .text.XMC_FLASH_ErasePage:00000000 $t
    {standard input}:137    .text.XMC_FLASH_ErasePage:00000000 XMC_FLASH_ErasePage
    {standard input}:159    .text.XMC_FLASH_ProgramVerifyPage:00000000 $t
    {standard input}:164    .text.XMC_FLASH_ProgramVerifyPage:00000000 XMC_FLASH_ProgramVerifyPage
    {standard input}:193    .text.XMC_FLASH_WriteBlocks:00000000 $t
    {standard input}:198    .text.XMC_FLASH_WriteBlocks:00000000 XMC_FLASH_WriteBlocks
    {standard input}:315    .text.XMC_FLASH_WriteBlocks:00000060 $d
    {standard input}:320    .text.XMC_FLASH_ErasePages:00000000 $t
    {standard input}:325    .text.XMC_FLASH_ErasePages:00000000 XMC_FLASH_ErasePages
    {standard input}:414    .text.XMC_FLASH_ErasePages:0000003c $d
    {standard input}:419    .text.XMC_FLASH_VerifyBlocks:00000000 $t
    {standard input}:424    .text.XMC_FLASH_VerifyBlocks:00000000 XMC_FLASH_VerifyBlocks
    {standard input}:514    .text.XMC_FLASH_VerifyBlocks:00000048 $d
    {standard input}:520    .text.XMC_FLASH_ReadBlocks:00000000 $t
    {standard input}:525    .text.XMC_FLASH_ReadBlocks:00000000 XMC_FLASH_ReadBlocks
    {standard input}:572    .text.XMC_FLASH_EraseSector:00000000 $t
    {standard input}:577    .text.XMC_FLASH_EraseSector:00000000 XMC_FLASH_EraseSector
    {standard input}:660    .text.XMC_FLASH_EraseSector:00000034 $d
    {standard input}:665    .text.XMC_FLASH_ProgramPage:00000000 $t
    {standard input}:670    .text.XMC_FLASH_ProgramPage:00000000 XMC_FLASH_ProgramPage
                     .debug_frame:00000010 $d

NO UNDEFINED SYMBOLS
