   1              	 .cpu cortex-m0
   2              	 .fpu softvfp
   3              	 .eabi_attribute 20,1
   4              	 .eabi_attribute 21,1
   5              	 .eabi_attribute 23,3
   6              	 .eabi_attribute 24,1
   7              	 .eabi_attribute 25,1
   8              	 .eabi_attribute 26,1
   9              	 .eabi_attribute 30,2
  10              	 .eabi_attribute 34,0
  11              	 .eabi_attribute 18,4
  12              	 .code 16
  13              	 .file "xmc_common.c"
  14              	 .text
  15              	.Ltext0:
  16              	 .cfi_sections .debug_frame
  17              	 .section .text.XMC_LIST_Init,"ax",%progbits
  18              	 .align 2
  19              	 .global XMC_LIST_Init
  20              	 .code 16
  21              	 .thumb_func
  23              	XMC_LIST_Init:
  24              	.LFB39:
  25              	 .file 1 "../Libraries/XMCLib/src/xmc_common.c"
   1:../Libraries/XMCLib/src/xmc_common.c **** /**
   2:../Libraries/XMCLib/src/xmc_common.c ****  * @file xmc_common.c
   3:../Libraries/XMCLib/src/xmc_common.c ****  * @date 2015-10-09
   4:../Libraries/XMCLib/src/xmc_common.c ****  *
   5:../Libraries/XMCLib/src/xmc_common.c ****  * @cond
   6:../Libraries/XMCLib/src/xmc_common.c ****  **************************************************************************************************
   7:../Libraries/XMCLib/src/xmc_common.c ****  * XMClib v2.1.0 - XMC Peripheral Driver Library 
   8:../Libraries/XMCLib/src/xmc_common.c ****  *
   9:../Libraries/XMCLib/src/xmc_common.c ****  * Copyright (c) 2015, Infineon Technologies AG
  10:../Libraries/XMCLib/src/xmc_common.c ****  * All rights reserved.                        
  11:../Libraries/XMCLib/src/xmc_common.c ****  *                                             
  12:../Libraries/XMCLib/src/xmc_common.c ****  * Redistribution and use in source and binary forms, with or without modification,are permitted pr
  13:../Libraries/XMCLib/src/xmc_common.c ****  * following conditions are met:   
  14:../Libraries/XMCLib/src/xmc_common.c ****  *                                                                              
  15:../Libraries/XMCLib/src/xmc_common.c ****  * Redistributions of source code must retain the above copyright notice, this list of conditions a
  16:../Libraries/XMCLib/src/xmc_common.c ****  * disclaimer.                        
  17:../Libraries/XMCLib/src/xmc_common.c ****  * 
  18:../Libraries/XMCLib/src/xmc_common.c ****  * Redistributions in binary form must reproduce the above copyright notice, this list of condition
  19:../Libraries/XMCLib/src/xmc_common.c ****  * disclaimer in the documentation and/or other materials provided with the distribution.          
  20:../Libraries/XMCLib/src/xmc_common.c ****  * 
  21:../Libraries/XMCLib/src/xmc_common.c ****  * Neither the name of the copyright holders nor the names of its contributors may be used to endor
  22:../Libraries/XMCLib/src/xmc_common.c ****  * products derived from this software without specific prior written permission.                  
  23:../Libraries/XMCLib/src/xmc_common.c ****  *                                                                              
  24:../Libraries/XMCLib/src/xmc_common.c ****  * THIS SOFTWARE IS PROVIDED BY THE COPYRIGHT HOLDERS AND CONTRIBUTORS "AS IS" AND ANY EXPRESS OR I
  25:../Libraries/XMCLib/src/xmc_common.c ****  * INCLUDING, BUT NOT LIMITED TO, THE IMPLIED WARRANTIES OF MERCHANTABILITY AND FITNESS FOR A PARTI
  26:../Libraries/XMCLib/src/xmc_common.c ****  * DISCLAIMED. IN NO EVENT SHALL THE COPYRIGHT HOLDER OR CONTRIBUTORS BE LIABLE  FOR ANY DIRECT, IN
  27:../Libraries/XMCLib/src/xmc_common.c ****  * SPECIAL, EXEMPLARY, OR CONSEQUENTIAL DAMAGES (INCLUDING, BUT NOT LIMITED TO, PROCUREMENT OF SUBS
  28:../Libraries/XMCLib/src/xmc_common.c ****  * SERVICES; LOSS OF USE, DATA, OR PROFITS; OR BUSINESS INTERRUPTION) HOWEVER CAUSED AND ON ANY THE
  29:../Libraries/XMCLib/src/xmc_common.c ****  * WHETHER IN CONTRACT, STRICT LIABILITY,OR TORT (INCLUDING NEGLIGENCE OR OTHERWISE) ARISING IN ANY
  30:../Libraries/XMCLib/src/xmc_common.c ****  * OF THIS SOFTWARE, EVEN IF ADVISED OF THE POSSIBILITY OF SUCH DAMAGE.                            
  31:../Libraries/XMCLib/src/xmc_common.c ****  *                                                                              
  32:../Libraries/XMCLib/src/xmc_common.c ****  * To improve the quality of the software, users are encouraged to share modifications, enhancement
  33:../Libraries/XMCLib/src/xmc_common.c ****  * Infineon Technologies AG dave@infineon.com).                                                    
  34:../Libraries/XMCLib/src/xmc_common.c ****  **************************************************************************************************
  35:../Libraries/XMCLib/src/xmc_common.c ****  *
  36:../Libraries/XMCLib/src/xmc_common.c ****  * Change History
  37:../Libraries/XMCLib/src/xmc_common.c ****  * --------------
  38:../Libraries/XMCLib/src/xmc_common.c ****  *
  39:../Libraries/XMCLib/src/xmc_common.c ****  * 2015-02-20:
  40:../Libraries/XMCLib/src/xmc_common.c ****  *     - Initial <br>
  41:../Libraries/XMCLib/src/xmc_common.c ****  *      
  42:../Libraries/XMCLib/src/xmc_common.c ****  * @endcond 
  43:../Libraries/XMCLib/src/xmc_common.c ****  *
  44:../Libraries/XMCLib/src/xmc_common.c ****  */
  45:../Libraries/XMCLib/src/xmc_common.c **** 
  46:../Libraries/XMCLib/src/xmc_common.c **** #include "xmc_common.h"
  47:../Libraries/XMCLib/src/xmc_common.c **** 
  48:../Libraries/XMCLib/src/xmc_common.c **** /*******************************************************************************
  49:../Libraries/XMCLib/src/xmc_common.c ****  * DATA STRUCTURES
  50:../Libraries/XMCLib/src/xmc_common.c ****  *******************************************************************************/
  51:../Libraries/XMCLib/src/xmc_common.c **** struct list
  52:../Libraries/XMCLib/src/xmc_common.c **** {
  53:../Libraries/XMCLib/src/xmc_common.c ****   struct list *next;
  54:../Libraries/XMCLib/src/xmc_common.c **** };
  55:../Libraries/XMCLib/src/xmc_common.c **** 
  56:../Libraries/XMCLib/src/xmc_common.c **** /*******************************************************************************
  57:../Libraries/XMCLib/src/xmc_common.c ****  * API IMPLEMENTATION
  58:../Libraries/XMCLib/src/xmc_common.c ****  *******************************************************************************/
  59:../Libraries/XMCLib/src/xmc_common.c **** #if defined(XMC_ASSERT_ENABLE) && !defined(XMC_USER_ASSERT_FUNCTION)
  60:../Libraries/XMCLib/src/xmc_common.c **** 
  61:../Libraries/XMCLib/src/xmc_common.c **** void XMC_AssertHandler(const char *const msg, const char *const file, uint32_t line)
  62:../Libraries/XMCLib/src/xmc_common.c **** {
  63:../Libraries/XMCLib/src/xmc_common.c ****   while(1)
  64:../Libraries/XMCLib/src/xmc_common.c ****   {
  65:../Libraries/XMCLib/src/xmc_common.c ****     /* Endless loop */
  66:../Libraries/XMCLib/src/xmc_common.c ****   }
  67:../Libraries/XMCLib/src/xmc_common.c **** }
  68:../Libraries/XMCLib/src/xmc_common.c **** 
  69:../Libraries/XMCLib/src/xmc_common.c **** #endif
  70:../Libraries/XMCLib/src/xmc_common.c **** 
  71:../Libraries/XMCLib/src/xmc_common.c **** void XMC_LIST_Init(XMC_LIST_t *list)
  72:../Libraries/XMCLib/src/xmc_common.c **** {
  26              	 .loc 1 72 0
  27              	 .cfi_startproc
  28              	.LVL0:
  73:../Libraries/XMCLib/src/xmc_common.c ****   *list = NULL;
  29              	 .loc 1 73 0
  30 0000 0023     	 mov r3,#0
  74:../Libraries/XMCLib/src/xmc_common.c **** }
  31              	 .loc 1 74 0
  32              	 
  73:../Libraries/XMCLib/src/xmc_common.c ****   *list = NULL;
  33              	 .loc 1 73 0
  34 0002 0360     	 str r3,[r0]
  35              	 .loc 1 74 0
  36 0004 7047     	 bx lr
  37              	 .cfi_endproc
  38              	.LFE39:
  40              	 .section .text.XMC_LIST_GetHead,"ax",%progbits
  41              	 .align 2
  42              	 .global XMC_LIST_GetHead
  43              	 .code 16
  44              	 .thumb_func
  46              	XMC_LIST_GetHead:
  47              	.LFB40:
  75:../Libraries/XMCLib/src/xmc_common.c **** 
  76:../Libraries/XMCLib/src/xmc_common.c **** void *XMC_LIST_GetHead(XMC_LIST_t *list)
  77:../Libraries/XMCLib/src/xmc_common.c **** {
  48              	 .loc 1 77 0
  49              	 .cfi_startproc
  50              	.LVL1:
  78:../Libraries/XMCLib/src/xmc_common.c ****   return *list;
  51              	 .loc 1 78 0
  52 0000 0068     	 ldr r0,[r0]
  53              	.LVL2:
  79:../Libraries/XMCLib/src/xmc_common.c **** }
  54              	 .loc 1 79 0
  55              	 
  56 0002 7047     	 bx lr
  57              	 .cfi_endproc
  58              	.LFE40:
  60              	 .section .text.XMC_LIST_GetTail,"ax",%progbits
  61              	 .align 2
  62              	 .global XMC_LIST_GetTail
  63              	 .code 16
  64              	 .thumb_func
  66              	XMC_LIST_GetTail:
  67              	.LFB41:
  80:../Libraries/XMCLib/src/xmc_common.c **** 
  81:../Libraries/XMCLib/src/xmc_common.c **** void *XMC_LIST_GetTail(XMC_LIST_t *list)
  82:../Libraries/XMCLib/src/xmc_common.c **** {
  68              	 .loc 1 82 0
  69              	 .cfi_startproc
  70              	.LVL3:
  83:../Libraries/XMCLib/src/xmc_common.c ****   struct list *tail;
  84:../Libraries/XMCLib/src/xmc_common.c ****   
  85:../Libraries/XMCLib/src/xmc_common.c ****   if (*list == NULL) 
  71              	 .loc 1 85 0
  72 0000 0068     	 ldr r0,[r0]
  73              	.LVL4:
  74 0002 0028     	 cmp r0,#0
  75 0004 01D1     	 bne .L5
  76 0006 03E0     	 b .L4
  77              	.LVL5:
  78              	.L6:
  79 0008 181C     	 mov r0,r3
  80              	.LVL6:
  81              	.L5:
  86:../Libraries/XMCLib/src/xmc_common.c ****   {
  87:../Libraries/XMCLib/src/xmc_common.c ****     tail = NULL;
  88:../Libraries/XMCLib/src/xmc_common.c ****   }
  89:../Libraries/XMCLib/src/xmc_common.c ****   else
  90:../Libraries/XMCLib/src/xmc_common.c ****   {
  91:../Libraries/XMCLib/src/xmc_common.c ****     for (tail = (struct list *)*list; tail->next != NULL; tail = tail->next)
  82              	 .loc 1 91 0 discriminator 1
  83 000a 0368     	 ldr r3,[r0]
  84 000c 002B     	 cmp r3,#0
  85 000e FBD1     	 bne .L6
  86              	.LVL7:
  87              	.L4:
  92:../Libraries/XMCLib/src/xmc_common.c ****     {
  93:../Libraries/XMCLib/src/xmc_common.c ****       /* Loop through the list */
  94:../Libraries/XMCLib/src/xmc_common.c ****     }  
  95:../Libraries/XMCLib/src/xmc_common.c ****   }
  96:../Libraries/XMCLib/src/xmc_common.c ****   
  97:../Libraries/XMCLib/src/xmc_common.c ****   return tail;    
  98:../Libraries/XMCLib/src/xmc_common.c **** }
  88              	 .loc 1 98 0
  89              	 
  90 0010 7047     	 bx lr
  91              	 .cfi_endproc
  92              	.LFE41:
  94 0012 C046     	 .section .text.XMC_LIST_Add,"ax",%progbits
  95              	 .align 2
  96              	 .global XMC_LIST_Add
  97              	 .code 16
  98              	 .thumb_func
 100              	XMC_LIST_Add:
 101              	.LFB42:
  99:../Libraries/XMCLib/src/xmc_common.c **** 
 100:../Libraries/XMCLib/src/xmc_common.c **** void XMC_LIST_Add(XMC_LIST_t *list, void *item)
 101:../Libraries/XMCLib/src/xmc_common.c **** {
 102              	 .loc 1 101 0
 103              	 .cfi_startproc
 104              	.LVL8:
 102:../Libraries/XMCLib/src/xmc_common.c ****   struct list *tail;
 103:../Libraries/XMCLib/src/xmc_common.c ****   
 104:../Libraries/XMCLib/src/xmc_common.c ****   ((struct list *)item)->next = NULL;
 105              	 .loc 1 104 0
 106 0000 0023     	 mov r3,#0
 107 0002 0B60     	 str r3,[r1]
 108              	.LVL9:
 109              	.LBB10:
 110              	.LBB11:
  85:../Libraries/XMCLib/src/xmc_common.c ****   {
 111              	 .loc 1 85 0
 112 0004 0268     	 ldr r2,[r0]
 113 0006 002A     	 cmp r2,#0
 114 0008 01D1     	 bne .L13
 115 000a 05E0     	 b .L20
 116              	.LVL10:
 117              	.L16:
  91:../Libraries/XMCLib/src/xmc_common.c ****     {
 118              	 .loc 1 91 0
 119 000c 1A1C     	 mov r2,r3
 120              	.LVL11:
 121              	.L13:
 122 000e 1368     	 ldr r3,[r2]
 123 0010 002B     	 cmp r3,#0
 124 0012 FBD1     	 bne .L16
 125              	.LBE11:
 126              	.LBE10:
 105:../Libraries/XMCLib/src/xmc_common.c ****   tail = (struct list *)XMC_LIST_GetTail(list);
 106:../Libraries/XMCLib/src/xmc_common.c ****   
 107:../Libraries/XMCLib/src/xmc_common.c ****   if (tail == NULL) 
 108:../Libraries/XMCLib/src/xmc_common.c ****   {
 109:../Libraries/XMCLib/src/xmc_common.c ****     *list = item;
 110:../Libraries/XMCLib/src/xmc_common.c ****   } 
 111:../Libraries/XMCLib/src/xmc_common.c ****   else 
 112:../Libraries/XMCLib/src/xmc_common.c ****   {
 113:../Libraries/XMCLib/src/xmc_common.c ****     tail->next = (struct list *)item;
 127              	 .loc 1 113 0
 128 0014 1160     	 str r1,[r2]
 129              	.LVL12:
 130              	.L11:
 114:../Libraries/XMCLib/src/xmc_common.c ****   }
 115:../Libraries/XMCLib/src/xmc_common.c **** }
 131              	 .loc 1 115 0
 132              	 
 133 0016 7047     	 bx lr
 134              	.L20:
 135              	.LVL13:
 109:../Libraries/XMCLib/src/xmc_common.c ****   } 
 136              	 .loc 1 109 0
 137 0018 0160     	 str r1,[r0]
 138 001a FCE7     	 b .L11
 139              	 .cfi_endproc
 140              	.LFE42:
 142              	 .section .text.XMC_LIST_Remove,"ax",%progbits
 143              	 .align 2
 144              	 .global XMC_LIST_Remove
 145              	 .code 16
 146              	 .thumb_func
 148              	XMC_LIST_Remove:
 149              	.LFB43:
 116:../Libraries/XMCLib/src/xmc_common.c **** 
 117:../Libraries/XMCLib/src/xmc_common.c **** void XMC_LIST_Remove(XMC_LIST_t *list, void *item)
 118:../Libraries/XMCLib/src/xmc_common.c **** {
 150              	 .loc 1 118 0
 151              	 .cfi_startproc
 152              	.LVL14:
 119:../Libraries/XMCLib/src/xmc_common.c ****   struct list *right, *left;
 120:../Libraries/XMCLib/src/xmc_common.c ****   
 121:../Libraries/XMCLib/src/xmc_common.c ****   if (*list != NULL) 
 153              	 .loc 1 121 0
 154 0000 0268     	 ldr r2,[r0]
 155 0002 002A     	 cmp r2,#0
 156 0004 08D0     	 beq .L21
 157              	.LVL15:
 122:../Libraries/XMCLib/src/xmc_common.c ****   {
 123:../Libraries/XMCLib/src/xmc_common.c ****     left = NULL;
 124:../Libraries/XMCLib/src/xmc_common.c ****     for(right = (struct list *)*list; right != NULL; right = right->next)
 125:../Libraries/XMCLib/src/xmc_common.c ****     {
 126:../Libraries/XMCLib/src/xmc_common.c ****       if(right == item) 
 158              	 .loc 1 126 0 discriminator 1
 159 0006 8A42     	 cmp r2,r1
 160 0008 03D1     	 bne .L25
 161 000a 0BE0     	 b .L33
 162              	.LVL16:
 163              	.L27:
 164              	 .loc 1 126 0 is_stmt 0
 165 000c 9942     	 cmp r1,r3
 166 000e 04D0     	 beq .L34
 167 0010 1A1C     	 mov r2,r3
 168              	.LVL17:
 169              	.L25:
 124:../Libraries/XMCLib/src/xmc_common.c ****     {
 170              	 .loc 1 124 0 is_stmt 1 discriminator 2
 171 0012 1368     	 ldr r3,[r2]
 172              	.LVL18:
 173 0014 002B     	 cmp r3,#0
 174 0016 F9D1     	 bne .L27
 175              	.LVL19:
 176              	.L21:
 127:../Libraries/XMCLib/src/xmc_common.c ****       {
 128:../Libraries/XMCLib/src/xmc_common.c ****         if(left == NULL) 
 129:../Libraries/XMCLib/src/xmc_common.c ****         {
 130:../Libraries/XMCLib/src/xmc_common.c ****           /* First on list */
 131:../Libraries/XMCLib/src/xmc_common.c ****           *list = right->next;
 132:../Libraries/XMCLib/src/xmc_common.c ****         } 
 133:../Libraries/XMCLib/src/xmc_common.c ****         else 
 134:../Libraries/XMCLib/src/xmc_common.c ****         {
 135:../Libraries/XMCLib/src/xmc_common.c ****           /* Not first on list */
 136:../Libraries/XMCLib/src/xmc_common.c ****           left->next = right->next;
 137:../Libraries/XMCLib/src/xmc_common.c ****         }
 138:../Libraries/XMCLib/src/xmc_common.c ****         right->next = NULL;
 139:../Libraries/XMCLib/src/xmc_common.c ****         break;
 140:../Libraries/XMCLib/src/xmc_common.c ****       }
 141:../Libraries/XMCLib/src/xmc_common.c ****       left = right;
 142:../Libraries/XMCLib/src/xmc_common.c ****     }
 143:../Libraries/XMCLib/src/xmc_common.c ****   }
 144:../Libraries/XMCLib/src/xmc_common.c **** }
 177              	 .loc 1 144 0
 178              	 
 179 0018 7047     	 bx lr
 180              	.LVL20:
 181              	.L34:
 136:../Libraries/XMCLib/src/xmc_common.c ****         }
 182              	 .loc 1 136 0
 183 001a 1968     	 ldr r1,[r3]
 184              	.LVL21:
 185 001c 1160     	 str r1,[r2]
 186              	.L26:
 138:../Libraries/XMCLib/src/xmc_common.c ****         break;
 187              	 .loc 1 138 0
 188 001e 0022     	 mov r2,#0
 189 0020 1A60     	 str r2,[r3]
 139:../Libraries/XMCLib/src/xmc_common.c ****       }
 190              	 .loc 1 139 0
 191 0022 F9E7     	 b .L21
 192              	.LVL22:
 193              	.L33:
 126:../Libraries/XMCLib/src/xmc_common.c ****       {
 194              	 .loc 1 126 0
 195 0024 131C     	 mov r3,r2
 131:../Libraries/XMCLib/src/xmc_common.c ****         } 
 196              	 .loc 1 131 0
 197 0026 1268     	 ldr r2,[r2]
 198              	.LVL23:
 199 0028 0260     	 str r2,[r0]
 200              	.LVL24:
 201 002a F8E7     	 b .L26
 202              	 .cfi_endproc
 203              	.LFE43:
 205              	 .section .text.XMC_LIST_Insert,"ax",%progbits
 206              	 .align 2
 207              	 .global XMC_LIST_Insert
 208              	 .code 16
 209              	 .thumb_func
 211              	XMC_LIST_Insert:
 212              	.LFB44:
 145:../Libraries/XMCLib/src/xmc_common.c **** 
 146:../Libraries/XMCLib/src/xmc_common.c **** void XMC_LIST_Insert(XMC_LIST_t *list, void *prev_item, void *new_item)
 147:../Libraries/XMCLib/src/xmc_common.c **** {
 213              	 .loc 1 147 0
 214              	 .cfi_startproc
 215              	.LVL25:
 148:../Libraries/XMCLib/src/xmc_common.c ****   if (prev_item == NULL) 
 216              	 .loc 1 148 0
 217 0000 0029     	 cmp r1,#0
 218 0002 03D0     	 beq .L38
 149:../Libraries/XMCLib/src/xmc_common.c ****   {
 150:../Libraries/XMCLib/src/xmc_common.c **** 	((struct list *)new_item)->next = (struct list *)*list;
 151:../Libraries/XMCLib/src/xmc_common.c **** 	*list = new_item;
 152:../Libraries/XMCLib/src/xmc_common.c ****   } 
 153:../Libraries/XMCLib/src/xmc_common.c ****   else 
 154:../Libraries/XMCLib/src/xmc_common.c ****   {
 155:../Libraries/XMCLib/src/xmc_common.c ****     ((struct list *)new_item)->next = ((struct list *)prev_item)->next;
 219              	 .loc 1 155 0
 220 0004 0B68     	 ldr r3,[r1]
 221 0006 1360     	 str r3,[r2]
 156:../Libraries/XMCLib/src/xmc_common.c ****     ((struct list *)prev_item)->next = (struct list *)new_item;
 222              	 .loc 1 156 0
 223 0008 0A60     	 str r2,[r1]
 224              	.L35:
 157:../Libraries/XMCLib/src/xmc_common.c ****   }
 158:../Libraries/XMCLib/src/xmc_common.c **** }
 225              	 .loc 1 158 0
 226              	 
 227 000a 7047     	 bx lr
 228              	.L38:
 150:../Libraries/XMCLib/src/xmc_common.c **** 	*list = new_item;
 229              	 .loc 1 150 0
 230 000c 0368     	 ldr r3,[r0]
 231 000e 1360     	 str r3,[r2]
 151:../Libraries/XMCLib/src/xmc_common.c ****   } 
 232              	 .loc 1 151 0
 233 0010 0260     	 str r2,[r0]
 234 0012 FAE7     	 b .L35
 235              	 .cfi_endproc
 236              	.LFE44:
 238              	 .section .text.XMC_PRIOARRAY_Init,"ax",%progbits
 239              	 .align 2
 240              	 .global XMC_PRIOARRAY_Init
 241              	 .code 16
 242              	 .thumb_func
 244              	XMC_PRIOARRAY_Init:
 245              	.LFB45:
 159:../Libraries/XMCLib/src/xmc_common.c **** 
 160:../Libraries/XMCLib/src/xmc_common.c **** void XMC_PRIOARRAY_Init(XMC_PRIOARRAY_t *prioarray)
 161:../Libraries/XMCLib/src/xmc_common.c **** {
 246              	 .loc 1 161 0
 247              	 .cfi_startproc
 248              	.LVL26:
 249 0000 30B5     	 push {r4,r5,lr}
 250              	 .cfi_def_cfa_offset 12
 251              	 .cfi_offset 4,-12
 252              	 .cfi_offset 5,-8
 253              	 .cfi_offset 14,-4
 162:../Libraries/XMCLib/src/xmc_common.c ****   XMC_ASSERT("XMC_PRIOARRAY_Init: NULL pointer", prioarray != NULL);
 163:../Libraries/XMCLib/src/xmc_common.c **** 
 164:../Libraries/XMCLib/src/xmc_common.c ****   /* Initialize head, next points to tail, previous to NULL and the priority is MININT */
 165:../Libraries/XMCLib/src/xmc_common.c ****   prioarray->items[prioarray->size].next = prioarray->size + 1;
 254              	 .loc 1 165 0
 255 0002 14C8     	 ldmia r0!,{r2,r4}
 256              	.LVL27:
 257 0004 5300     	 lsl r3,r2,#1
 258 0006 9B18     	 add r3,r3,r2
 259 0008 9B00     	 lsl r3,r3,#2
 260 000a E118     	 add r1,r4,r3
 261 000c 501C     	 add r0,r2,#1
 262              	.LVL28:
 263 000e 8860     	 str r0,[r1,#8]
 166:../Libraries/XMCLib/src/xmc_common.c ****   prioarray->items[prioarray->size].previous = -1;
 264              	 .loc 1 166 0
 265 0010 0120     	 mov r0,#1
 167:../Libraries/XMCLib/src/xmc_common.c ****   prioarray->items[prioarray->size].priority = INT32_MAX;
 266              	 .loc 1 167 0
 267 0012 064D     	 ldr r5,.L40
 168:../Libraries/XMCLib/src/xmc_common.c **** 
 169:../Libraries/XMCLib/src/xmc_common.c ****   /* Initialize tail, next points to NULL, previous is the head and the priority is MAXINT */
 170:../Libraries/XMCLib/src/xmc_common.c ****   prioarray->items[prioarray->size + 1].next = -1;
 268              	 .loc 1 170 0
 269 0014 0C33     	 add r3,r3,#12
 270 0016 E318     	 add r3,r4,r3
 166:../Libraries/XMCLib/src/xmc_common.c ****   prioarray->items[prioarray->size].priority = INT32_MAX;
 271              	 .loc 1 166 0
 272 0018 4042     	 neg r0,r0
 167:../Libraries/XMCLib/src/xmc_common.c ****   prioarray->items[prioarray->size].priority = INT32_MAX;
 273              	 .loc 1 167 0
 274 001a 0D60     	 str r5,[r1]
 166:../Libraries/XMCLib/src/xmc_common.c ****   prioarray->items[prioarray->size].priority = INT32_MAX;
 275              	 .loc 1 166 0
 276 001c 4860     	 str r0,[r1,#4]
 171:../Libraries/XMCLib/src/xmc_common.c ****   prioarray->items[prioarray->size + 1].previous = prioarray->size;
 277              	 .loc 1 171 0
 278 001e 5A60     	 str r2,[r3,#4]
 172:../Libraries/XMCLib/src/xmc_common.c ****   prioarray->items[prioarray->size + 1].priority = INT32_MIN;
 279              	 .loc 1 172 0
 280 0020 8022     	 mov r2,#128
 281 0022 1206     	 lsl r2,r2,#24
 170:../Libraries/XMCLib/src/xmc_common.c ****   prioarray->items[prioarray->size + 1].previous = prioarray->size;
 282              	 .loc 1 170 0
 283 0024 9860     	 str r0,[r3,#8]
 284              	 .loc 1 172 0
 285 0026 1A60     	 str r2,[r3]
 173:../Libraries/XMCLib/src/xmc_common.c **** 
 174:../Libraries/XMCLib/src/xmc_common.c **** }
 286              	 .loc 1 174 0
 287              	 
 288 0028 30BD     	 pop {r4,r5,pc}
 289              	.L41:
 290 002a C046     	 .align 2
 291              	.L40:
 292 002c FFFFFF7F 	 .word 2147483647
 293              	 .cfi_endproc
 294              	.LFE45:
 296              	 .section .text.XMC_PRIOARRAY_Add,"ax",%progbits
 297              	 .align 2
 298              	 .global XMC_PRIOARRAY_Add
 299              	 .code 16
 300              	 .thumb_func
 302              	XMC_PRIOARRAY_Add:
 303              	.LFB46:
 175:../Libraries/XMCLib/src/xmc_common.c **** 
 176:../Libraries/XMCLib/src/xmc_common.c **** void XMC_PRIOARRAY_Add(XMC_PRIOARRAY_t *prioarray, int32_t item, int32_t priority)
 177:../Libraries/XMCLib/src/xmc_common.c **** {
 304              	 .loc 1 177 0
 305              	 .cfi_startproc
 306              	.LVL29:
 307 0000 70B5     	 push {r4,r5,r6,lr}
 308              	 .cfi_def_cfa_offset 16
 309              	 .cfi_offset 4,-16
 310              	 .cfi_offset 5,-12
 311              	 .cfi_offset 6,-8
 312              	 .cfi_offset 14,-4
 313              	.LBB12:
 314              	.LBB13:
 315              	 .file 2 "C:/Users/choeoliv/Desktop/IFKOR FOC DRIVE/Libraries/XMCLib/inc/xmc_common.h"
   1:C:/Users/choeoliv/Desktop/IFKOR FOC DRIVE/Libraries/XMCLib/inc\xmc_common.h **** /**
   2:C:/Users/choeoliv/Desktop/IFKOR FOC DRIVE/Libraries/XMCLib/inc\xmc_common.h ****  * @file xmc_common.h
   3:C:/Users/choeoliv/Desktop/IFKOR FOC DRIVE/Libraries/XMCLib/inc\xmc_common.h ****  * @date 2015-10-09
   4:C:/Users/choeoliv/Desktop/IFKOR FOC DRIVE/Libraries/XMCLib/inc\xmc_common.h ****  *
   5:C:/Users/choeoliv/Desktop/IFKOR FOC DRIVE/Libraries/XMCLib/inc\xmc_common.h ****  * @cond
   6:C:/Users/choeoliv/Desktop/IFKOR FOC DRIVE/Libraries/XMCLib/inc\xmc_common.h ****   *************************************************************************************************
   7:C:/Users/choeoliv/Desktop/IFKOR FOC DRIVE/Libraries/XMCLib/inc\xmc_common.h ****  * XMClib v2.1.0 - XMC Peripheral Driver Library 
   8:C:/Users/choeoliv/Desktop/IFKOR FOC DRIVE/Libraries/XMCLib/inc\xmc_common.h ****  *
   9:C:/Users/choeoliv/Desktop/IFKOR FOC DRIVE/Libraries/XMCLib/inc\xmc_common.h ****  * Copyright (c) 2015, Infineon Technologies AG
  10:C:/Users/choeoliv/Desktop/IFKOR FOC DRIVE/Libraries/XMCLib/inc\xmc_common.h ****  * All rights reserved.                        
  11:C:/Users/choeoliv/Desktop/IFKOR FOC DRIVE/Libraries/XMCLib/inc\xmc_common.h ****  *                                             
  12:C:/Users/choeoliv/Desktop/IFKOR FOC DRIVE/Libraries/XMCLib/inc\xmc_common.h ****  * Redistribution and use in source and binary forms, with or without modification,are permitted pr
  13:C:/Users/choeoliv/Desktop/IFKOR FOC DRIVE/Libraries/XMCLib/inc\xmc_common.h ****  * following conditions are met:   
  14:C:/Users/choeoliv/Desktop/IFKOR FOC DRIVE/Libraries/XMCLib/inc\xmc_common.h ****  *                                                                              
  15:C:/Users/choeoliv/Desktop/IFKOR FOC DRIVE/Libraries/XMCLib/inc\xmc_common.h ****  * Redistributions of source code must retain the above copyright notice, this list of conditions a
  16:C:/Users/choeoliv/Desktop/IFKOR FOC DRIVE/Libraries/XMCLib/inc\xmc_common.h ****  * disclaimer.                        
  17:C:/Users/choeoliv/Desktop/IFKOR FOC DRIVE/Libraries/XMCLib/inc\xmc_common.h ****  * 
  18:C:/Users/choeoliv/Desktop/IFKOR FOC DRIVE/Libraries/XMCLib/inc\xmc_common.h ****  * Redistributions in binary form must reproduce the above copyright notice, this list of condition
  19:C:/Users/choeoliv/Desktop/IFKOR FOC DRIVE/Libraries/XMCLib/inc\xmc_common.h ****  * disclaimer in the documentation and/or other materials provided with the distribution.          
  20:C:/Users/choeoliv/Desktop/IFKOR FOC DRIVE/Libraries/XMCLib/inc\xmc_common.h ****  * 
  21:C:/Users/choeoliv/Desktop/IFKOR FOC DRIVE/Libraries/XMCLib/inc\xmc_common.h ****  * Neither the name of the copyright holders nor the names of its contributors may be used to endor
  22:C:/Users/choeoliv/Desktop/IFKOR FOC DRIVE/Libraries/XMCLib/inc\xmc_common.h ****  * products derived from this software without specific prior written permission.                  
  23:C:/Users/choeoliv/Desktop/IFKOR FOC DRIVE/Libraries/XMCLib/inc\xmc_common.h ****  *                                                                              
  24:C:/Users/choeoliv/Desktop/IFKOR FOC DRIVE/Libraries/XMCLib/inc\xmc_common.h ****  * THIS SOFTWARE IS PROVIDED BY THE COPYRIGHT HOLDERS AND CONTRIBUTORS "AS IS" AND ANY EXPRESS OR I
  25:C:/Users/choeoliv/Desktop/IFKOR FOC DRIVE/Libraries/XMCLib/inc\xmc_common.h ****  * INCLUDING, BUT NOT LIMITED TO, THE IMPLIED WARRANTIES OF MERCHANTABILITY AND FITNESS FOR A PARTI
  26:C:/Users/choeoliv/Desktop/IFKOR FOC DRIVE/Libraries/XMCLib/inc\xmc_common.h ****  * DISCLAIMED. IN NO EVENT SHALL THE COPYRIGHT HOLDER OR CONTRIBUTORS BE LIABLE  FOR ANY DIRECT, IN
  27:C:/Users/choeoliv/Desktop/IFKOR FOC DRIVE/Libraries/XMCLib/inc\xmc_common.h ****  * SPECIAL, EXEMPLARY, OR CONSEQUENTIAL DAMAGES (INCLUDING, BUT NOT LIMITED TO, PROCUREMENT OF SUBS
  28:C:/Users/choeoliv/Desktop/IFKOR FOC DRIVE/Libraries/XMCLib/inc\xmc_common.h ****  * SERVICES; LOSS OF USE, DATA, OR PROFITS; OR BUSINESS INTERRUPTION) HOWEVER CAUSED AND ON ANY THE
  29:C:/Users/choeoliv/Desktop/IFKOR FOC DRIVE/Libraries/XMCLib/inc\xmc_common.h ****  * WHETHER IN CONTRACT, STRICT LIABILITY,OR TORT (INCLUDING NEGLIGENCE OR OTHERWISE) ARISING IN ANY
  30:C:/Users/choeoliv/Desktop/IFKOR FOC DRIVE/Libraries/XMCLib/inc\xmc_common.h ****  * OF THIS SOFTWARE, EVEN IF ADVISED OF THE POSSIBILITY OF SUCH DAMAGE.                            
  31:C:/Users/choeoliv/Desktop/IFKOR FOC DRIVE/Libraries/XMCLib/inc\xmc_common.h ****  *                                                                              
  32:C:/Users/choeoliv/Desktop/IFKOR FOC DRIVE/Libraries/XMCLib/inc\xmc_common.h ****  * To improve the quality of the software, users are encouraged to share modifications, enhancement
  33:C:/Users/choeoliv/Desktop/IFKOR FOC DRIVE/Libraries/XMCLib/inc\xmc_common.h ****  * Infineon Technologies AG dave@infineon.com).                                                    
  34:C:/Users/choeoliv/Desktop/IFKOR FOC DRIVE/Libraries/XMCLib/inc\xmc_common.h ****  **************************************************************************************************
  35:C:/Users/choeoliv/Desktop/IFKOR FOC DRIVE/Libraries/XMCLib/inc\xmc_common.h ****  *
  36:C:/Users/choeoliv/Desktop/IFKOR FOC DRIVE/Libraries/XMCLib/inc\xmc_common.h ****  * Change History
  37:C:/Users/choeoliv/Desktop/IFKOR FOC DRIVE/Libraries/XMCLib/inc\xmc_common.h ****  * --------------
  38:C:/Users/choeoliv/Desktop/IFKOR FOC DRIVE/Libraries/XMCLib/inc\xmc_common.h ****  *
  39:C:/Users/choeoliv/Desktop/IFKOR FOC DRIVE/Libraries/XMCLib/inc\xmc_common.h ****  * 2015-06-20:
  40:C:/Users/choeoliv/Desktop/IFKOR FOC DRIVE/Libraries/XMCLib/inc\xmc_common.h ****  *     - Initial
  41:C:/Users/choeoliv/Desktop/IFKOR FOC DRIVE/Libraries/XMCLib/inc\xmc_common.h ****  *     - Brief section updated
  42:C:/Users/choeoliv/Desktop/IFKOR FOC DRIVE/Libraries/XMCLib/inc\xmc_common.h ****  *     - Added XMC_LIB_VERSION macro
  43:C:/Users/choeoliv/Desktop/IFKOR FOC DRIVE/Libraries/XMCLib/inc\xmc_common.h ****  *      
  44:C:/Users/choeoliv/Desktop/IFKOR FOC DRIVE/Libraries/XMCLib/inc\xmc_common.h ****  * @endcond 
  45:C:/Users/choeoliv/Desktop/IFKOR FOC DRIVE/Libraries/XMCLib/inc\xmc_common.h ****  *
  46:C:/Users/choeoliv/Desktop/IFKOR FOC DRIVE/Libraries/XMCLib/inc\xmc_common.h ****  */
  47:C:/Users/choeoliv/Desktop/IFKOR FOC DRIVE/Libraries/XMCLib/inc\xmc_common.h **** 
  48:C:/Users/choeoliv/Desktop/IFKOR FOC DRIVE/Libraries/XMCLib/inc\xmc_common.h **** #ifndef XMC_COMMON_H
  49:C:/Users/choeoliv/Desktop/IFKOR FOC DRIVE/Libraries/XMCLib/inc\xmc_common.h **** #define XMC_COMMON_H
  50:C:/Users/choeoliv/Desktop/IFKOR FOC DRIVE/Libraries/XMCLib/inc\xmc_common.h **** 
  51:C:/Users/choeoliv/Desktop/IFKOR FOC DRIVE/Libraries/XMCLib/inc\xmc_common.h **** #include <stddef.h>
  52:C:/Users/choeoliv/Desktop/IFKOR FOC DRIVE/Libraries/XMCLib/inc\xmc_common.h **** #include <stdint.h>
  53:C:/Users/choeoliv/Desktop/IFKOR FOC DRIVE/Libraries/XMCLib/inc\xmc_common.h **** #include <stdbool.h>
  54:C:/Users/choeoliv/Desktop/IFKOR FOC DRIVE/Libraries/XMCLib/inc\xmc_common.h **** #include <string.h>
  55:C:/Users/choeoliv/Desktop/IFKOR FOC DRIVE/Libraries/XMCLib/inc\xmc_common.h **** 
  56:C:/Users/choeoliv/Desktop/IFKOR FOC DRIVE/Libraries/XMCLib/inc\xmc_common.h **** #include "xmc_device.h"
  57:C:/Users/choeoliv/Desktop/IFKOR FOC DRIVE/Libraries/XMCLib/inc\xmc_common.h **** 
  58:C:/Users/choeoliv/Desktop/IFKOR FOC DRIVE/Libraries/XMCLib/inc\xmc_common.h **** /**
  59:C:/Users/choeoliv/Desktop/IFKOR FOC DRIVE/Libraries/XMCLib/inc\xmc_common.h ****  * @addtogroup XMClib XMC Peripheral Library
  60:C:/Users/choeoliv/Desktop/IFKOR FOC DRIVE/Libraries/XMCLib/inc\xmc_common.h ****  * @{
  61:C:/Users/choeoliv/Desktop/IFKOR FOC DRIVE/Libraries/XMCLib/inc\xmc_common.h ****  */
  62:C:/Users/choeoliv/Desktop/IFKOR FOC DRIVE/Libraries/XMCLib/inc\xmc_common.h **** 
  63:C:/Users/choeoliv/Desktop/IFKOR FOC DRIVE/Libraries/XMCLib/inc\xmc_common.h **** /**
  64:C:/Users/choeoliv/Desktop/IFKOR FOC DRIVE/Libraries/XMCLib/inc\xmc_common.h ****  * @addtogroup COMMON
  65:C:/Users/choeoliv/Desktop/IFKOR FOC DRIVE/Libraries/XMCLib/inc\xmc_common.h ****  * @brief Common APIs to all peripherals for XMC microcontroller family 
  66:C:/Users/choeoliv/Desktop/IFKOR FOC DRIVE/Libraries/XMCLib/inc\xmc_common.h ****  * @{
  67:C:/Users/choeoliv/Desktop/IFKOR FOC DRIVE/Libraries/XMCLib/inc\xmc_common.h ****  */
  68:C:/Users/choeoliv/Desktop/IFKOR FOC DRIVE/Libraries/XMCLib/inc\xmc_common.h **** 
  69:C:/Users/choeoliv/Desktop/IFKOR FOC DRIVE/Libraries/XMCLib/inc\xmc_common.h **** /**************************************************************************************************
  70:C:/Users/choeoliv/Desktop/IFKOR FOC DRIVE/Libraries/XMCLib/inc\xmc_common.h ****  * MACROS
  71:C:/Users/choeoliv/Desktop/IFKOR FOC DRIVE/Libraries/XMCLib/inc\xmc_common.h ****  **************************************************************************************************
  72:C:/Users/choeoliv/Desktop/IFKOR FOC DRIVE/Libraries/XMCLib/inc\xmc_common.h **** #define XMC_LIB_MAJOR_VERSION	(2U)
  73:C:/Users/choeoliv/Desktop/IFKOR FOC DRIVE/Libraries/XMCLib/inc\xmc_common.h **** #define XMC_LIB_MINOR_VERSION	(0U)
  74:C:/Users/choeoliv/Desktop/IFKOR FOC DRIVE/Libraries/XMCLib/inc\xmc_common.h **** #define XMC_LIB_PATCH_VERSION	(2U)
  75:C:/Users/choeoliv/Desktop/IFKOR FOC DRIVE/Libraries/XMCLib/inc\xmc_common.h ****  
  76:C:/Users/choeoliv/Desktop/IFKOR FOC DRIVE/Libraries/XMCLib/inc\xmc_common.h **** #define XMC_LIB_VERSION         ((XMC_LIB_MAJOR_VERSION << 16U) + (XMC_LIB_MINOR_VERSION << 8U) + X
  77:C:/Users/choeoliv/Desktop/IFKOR FOC DRIVE/Libraries/XMCLib/inc\xmc_common.h **** 
  78:C:/Users/choeoliv/Desktop/IFKOR FOC DRIVE/Libraries/XMCLib/inc\xmc_common.h **** /* Define WEAK attribute */
  79:C:/Users/choeoliv/Desktop/IFKOR FOC DRIVE/Libraries/XMCLib/inc\xmc_common.h **** #if !defined(__WEAK)
  80:C:/Users/choeoliv/Desktop/IFKOR FOC DRIVE/Libraries/XMCLib/inc\xmc_common.h **** #if defined ( __CC_ARM )
  81:C:/Users/choeoliv/Desktop/IFKOR FOC DRIVE/Libraries/XMCLib/inc\xmc_common.h **** #define __WEAK __attribute__ ((weak))
  82:C:/Users/choeoliv/Desktop/IFKOR FOC DRIVE/Libraries/XMCLib/inc\xmc_common.h **** #elif defined ( __ICCARM__ )
  83:C:/Users/choeoliv/Desktop/IFKOR FOC DRIVE/Libraries/XMCLib/inc\xmc_common.h **** #define __WEAK __weak
  84:C:/Users/choeoliv/Desktop/IFKOR FOC DRIVE/Libraries/XMCLib/inc\xmc_common.h **** #elif defined ( __GNUC__ )
  85:C:/Users/choeoliv/Desktop/IFKOR FOC DRIVE/Libraries/XMCLib/inc\xmc_common.h **** #define __WEAK __attribute__ ((weak))
  86:C:/Users/choeoliv/Desktop/IFKOR FOC DRIVE/Libraries/XMCLib/inc\xmc_common.h **** #elif defined ( __TASKING__ )
  87:C:/Users/choeoliv/Desktop/IFKOR FOC DRIVE/Libraries/XMCLib/inc\xmc_common.h **** #define __WEAK __attribute__ ((weak))
  88:C:/Users/choeoliv/Desktop/IFKOR FOC DRIVE/Libraries/XMCLib/inc\xmc_common.h **** #endif
  89:C:/Users/choeoliv/Desktop/IFKOR FOC DRIVE/Libraries/XMCLib/inc\xmc_common.h **** #endif
  90:C:/Users/choeoliv/Desktop/IFKOR FOC DRIVE/Libraries/XMCLib/inc\xmc_common.h **** 
  91:C:/Users/choeoliv/Desktop/IFKOR FOC DRIVE/Libraries/XMCLib/inc\xmc_common.h **** #ifdef XMC_ASSERT_ENABLE
  92:C:/Users/choeoliv/Desktop/IFKOR FOC DRIVE/Libraries/XMCLib/inc\xmc_common.h ****  #define XMC_ASSERT(msg, exp) { if(!(exp)) {XMC_AssertHandler(msg, __FILE__, __LINE__);} }
  93:C:/Users/choeoliv/Desktop/IFKOR FOC DRIVE/Libraries/XMCLib/inc\xmc_common.h **** #else
  94:C:/Users/choeoliv/Desktop/IFKOR FOC DRIVE/Libraries/XMCLib/inc\xmc_common.h ****  #define XMC_ASSERT(msg, exp) { ; }
  95:C:/Users/choeoliv/Desktop/IFKOR FOC DRIVE/Libraries/XMCLib/inc\xmc_common.h **** #endif
  96:C:/Users/choeoliv/Desktop/IFKOR FOC DRIVE/Libraries/XMCLib/inc\xmc_common.h **** 
  97:C:/Users/choeoliv/Desktop/IFKOR FOC DRIVE/Libraries/XMCLib/inc\xmc_common.h **** #ifdef XMC_DEBUG_ENABLE
  98:C:/Users/choeoliv/Desktop/IFKOR FOC DRIVE/Libraries/XMCLib/inc\xmc_common.h ****  #include <stdio.h>
  99:C:/Users/choeoliv/Desktop/IFKOR FOC DRIVE/Libraries/XMCLib/inc\xmc_common.h ****  #define XMC_DEBUG(...) { printf(__VA_ARGS__); }
 100:C:/Users/choeoliv/Desktop/IFKOR FOC DRIVE/Libraries/XMCLib/inc\xmc_common.h **** #else
 101:C:/Users/choeoliv/Desktop/IFKOR FOC DRIVE/Libraries/XMCLib/inc\xmc_common.h ****  #define XMC_DEBUG(...) { ; }
 102:C:/Users/choeoliv/Desktop/IFKOR FOC DRIVE/Libraries/XMCLib/inc\xmc_common.h **** #endif
 103:C:/Users/choeoliv/Desktop/IFKOR FOC DRIVE/Libraries/XMCLib/inc\xmc_common.h **** 
 104:C:/Users/choeoliv/Desktop/IFKOR FOC DRIVE/Libraries/XMCLib/inc\xmc_common.h **** #define XMC_UNUSED_ARG(x) (void)x
 105:C:/Users/choeoliv/Desktop/IFKOR FOC DRIVE/Libraries/XMCLib/inc\xmc_common.h **** 
 106:C:/Users/choeoliv/Desktop/IFKOR FOC DRIVE/Libraries/XMCLib/inc\xmc_common.h **** #define XMC_STRUCT_INIT(m) memset(&m, 0, sizeof(m))
 107:C:/Users/choeoliv/Desktop/IFKOR FOC DRIVE/Libraries/XMCLib/inc\xmc_common.h **** 
 108:C:/Users/choeoliv/Desktop/IFKOR FOC DRIVE/Libraries/XMCLib/inc\xmc_common.h **** #define XMC_PRIOARRAY_DEF(name, size) \
 109:C:/Users/choeoliv/Desktop/IFKOR FOC DRIVE/Libraries/XMCLib/inc\xmc_common.h **** XMC_PRIOARRAY_ITEM_t prioarray_m_##name[size + 2]; \
 110:C:/Users/choeoliv/Desktop/IFKOR FOC DRIVE/Libraries/XMCLib/inc\xmc_common.h **** XMC_PRIOARRAY_t prioarray_def_##name = {(size), (prioarray_m_##name)};
 111:C:/Users/choeoliv/Desktop/IFKOR FOC DRIVE/Libraries/XMCLib/inc\xmc_common.h **** 
 112:C:/Users/choeoliv/Desktop/IFKOR FOC DRIVE/Libraries/XMCLib/inc\xmc_common.h **** #define XMC_PRIOARRAY(name) \
 113:C:/Users/choeoliv/Desktop/IFKOR FOC DRIVE/Libraries/XMCLib/inc\xmc_common.h **** &prioarray_def_##name
 114:C:/Users/choeoliv/Desktop/IFKOR FOC DRIVE/Libraries/XMCLib/inc\xmc_common.h **** 
 115:C:/Users/choeoliv/Desktop/IFKOR FOC DRIVE/Libraries/XMCLib/inc\xmc_common.h **** /**************************************************************************************************
 116:C:/Users/choeoliv/Desktop/IFKOR FOC DRIVE/Libraries/XMCLib/inc\xmc_common.h ****  * DATA STRUCTURES
 117:C:/Users/choeoliv/Desktop/IFKOR FOC DRIVE/Libraries/XMCLib/inc\xmc_common.h ****  **************************************************************************************************
 118:C:/Users/choeoliv/Desktop/IFKOR FOC DRIVE/Libraries/XMCLib/inc\xmc_common.h **** /*
 119:C:/Users/choeoliv/Desktop/IFKOR FOC DRIVE/Libraries/XMCLib/inc\xmc_common.h ****  *
 120:C:/Users/choeoliv/Desktop/IFKOR FOC DRIVE/Libraries/XMCLib/inc\xmc_common.h ****  */
 121:C:/Users/choeoliv/Desktop/IFKOR FOC DRIVE/Libraries/XMCLib/inc\xmc_common.h **** typedef struct XMC_DRIVER_VERSION 
 122:C:/Users/choeoliv/Desktop/IFKOR FOC DRIVE/Libraries/XMCLib/inc\xmc_common.h **** {
 123:C:/Users/choeoliv/Desktop/IFKOR FOC DRIVE/Libraries/XMCLib/inc\xmc_common.h ****   uint8_t major;
 124:C:/Users/choeoliv/Desktop/IFKOR FOC DRIVE/Libraries/XMCLib/inc\xmc_common.h ****   uint8_t minor;
 125:C:/Users/choeoliv/Desktop/IFKOR FOC DRIVE/Libraries/XMCLib/inc\xmc_common.h ****   uint8_t patch;
 126:C:/Users/choeoliv/Desktop/IFKOR FOC DRIVE/Libraries/XMCLib/inc\xmc_common.h **** } XMC_DRIVER_VERSION_t;
 127:C:/Users/choeoliv/Desktop/IFKOR FOC DRIVE/Libraries/XMCLib/inc\xmc_common.h **** 
 128:C:/Users/choeoliv/Desktop/IFKOR FOC DRIVE/Libraries/XMCLib/inc\xmc_common.h **** /*
 129:C:/Users/choeoliv/Desktop/IFKOR FOC DRIVE/Libraries/XMCLib/inc\xmc_common.h ****  *
 130:C:/Users/choeoliv/Desktop/IFKOR FOC DRIVE/Libraries/XMCLib/inc\xmc_common.h ****  */
 131:C:/Users/choeoliv/Desktop/IFKOR FOC DRIVE/Libraries/XMCLib/inc\xmc_common.h **** typedef void *XMC_LIST_t;
 132:C:/Users/choeoliv/Desktop/IFKOR FOC DRIVE/Libraries/XMCLib/inc\xmc_common.h **** 
 133:C:/Users/choeoliv/Desktop/IFKOR FOC DRIVE/Libraries/XMCLib/inc\xmc_common.h **** /*
 134:C:/Users/choeoliv/Desktop/IFKOR FOC DRIVE/Libraries/XMCLib/inc\xmc_common.h ****  *
 135:C:/Users/choeoliv/Desktop/IFKOR FOC DRIVE/Libraries/XMCLib/inc\xmc_common.h ****  */
 136:C:/Users/choeoliv/Desktop/IFKOR FOC DRIVE/Libraries/XMCLib/inc\xmc_common.h **** typedef struct XMC_PRIOARRAY_ITEM
 137:C:/Users/choeoliv/Desktop/IFKOR FOC DRIVE/Libraries/XMCLib/inc\xmc_common.h **** {
 138:C:/Users/choeoliv/Desktop/IFKOR FOC DRIVE/Libraries/XMCLib/inc\xmc_common.h ****   int32_t priority;
 139:C:/Users/choeoliv/Desktop/IFKOR FOC DRIVE/Libraries/XMCLib/inc\xmc_common.h ****   int32_t previous;
 140:C:/Users/choeoliv/Desktop/IFKOR FOC DRIVE/Libraries/XMCLib/inc\xmc_common.h ****   int32_t next;
 141:C:/Users/choeoliv/Desktop/IFKOR FOC DRIVE/Libraries/XMCLib/inc\xmc_common.h **** } XMC_PRIOARRAY_ITEM_t;
 142:C:/Users/choeoliv/Desktop/IFKOR FOC DRIVE/Libraries/XMCLib/inc\xmc_common.h **** 
 143:C:/Users/choeoliv/Desktop/IFKOR FOC DRIVE/Libraries/XMCLib/inc\xmc_common.h **** /*
 144:C:/Users/choeoliv/Desktop/IFKOR FOC DRIVE/Libraries/XMCLib/inc\xmc_common.h ****  *
 145:C:/Users/choeoliv/Desktop/IFKOR FOC DRIVE/Libraries/XMCLib/inc\xmc_common.h ****  */
 146:C:/Users/choeoliv/Desktop/IFKOR FOC DRIVE/Libraries/XMCLib/inc\xmc_common.h **** typedef struct XMC_PRIOARRAY
 147:C:/Users/choeoliv/Desktop/IFKOR FOC DRIVE/Libraries/XMCLib/inc\xmc_common.h **** {
 148:C:/Users/choeoliv/Desktop/IFKOR FOC DRIVE/Libraries/XMCLib/inc\xmc_common.h ****   uint32_t size;
 149:C:/Users/choeoliv/Desktop/IFKOR FOC DRIVE/Libraries/XMCLib/inc\xmc_common.h ****   XMC_PRIOARRAY_ITEM_t *items;
 150:C:/Users/choeoliv/Desktop/IFKOR FOC DRIVE/Libraries/XMCLib/inc\xmc_common.h **** } XMC_PRIOARRAY_t;
 151:C:/Users/choeoliv/Desktop/IFKOR FOC DRIVE/Libraries/XMCLib/inc\xmc_common.h **** 
 152:C:/Users/choeoliv/Desktop/IFKOR FOC DRIVE/Libraries/XMCLib/inc\xmc_common.h **** /**************************************************************************************************
 153:C:/Users/choeoliv/Desktop/IFKOR FOC DRIVE/Libraries/XMCLib/inc\xmc_common.h ****  * API PROTOTYPES
 154:C:/Users/choeoliv/Desktop/IFKOR FOC DRIVE/Libraries/XMCLib/inc\xmc_common.h ****  **************************************************************************************************
 155:C:/Users/choeoliv/Desktop/IFKOR FOC DRIVE/Libraries/XMCLib/inc\xmc_common.h **** 
 156:C:/Users/choeoliv/Desktop/IFKOR FOC DRIVE/Libraries/XMCLib/inc\xmc_common.h **** #ifdef __cplusplus
 157:C:/Users/choeoliv/Desktop/IFKOR FOC DRIVE/Libraries/XMCLib/inc\xmc_common.h **** extern "C" {
 158:C:/Users/choeoliv/Desktop/IFKOR FOC DRIVE/Libraries/XMCLib/inc\xmc_common.h **** #endif
 159:C:/Users/choeoliv/Desktop/IFKOR FOC DRIVE/Libraries/XMCLib/inc\xmc_common.h **** 
 160:C:/Users/choeoliv/Desktop/IFKOR FOC DRIVE/Libraries/XMCLib/inc\xmc_common.h **** /*
 161:C:/Users/choeoliv/Desktop/IFKOR FOC DRIVE/Libraries/XMCLib/inc\xmc_common.h ****  *
 162:C:/Users/choeoliv/Desktop/IFKOR FOC DRIVE/Libraries/XMCLib/inc\xmc_common.h ****  */
 163:C:/Users/choeoliv/Desktop/IFKOR FOC DRIVE/Libraries/XMCLib/inc\xmc_common.h **** void XMC_AssertHandler(const char *const msg, const char *const file, uint32_t line);
 164:C:/Users/choeoliv/Desktop/IFKOR FOC DRIVE/Libraries/XMCLib/inc\xmc_common.h **** 
 165:C:/Users/choeoliv/Desktop/IFKOR FOC DRIVE/Libraries/XMCLib/inc\xmc_common.h **** /*
 166:C:/Users/choeoliv/Desktop/IFKOR FOC DRIVE/Libraries/XMCLib/inc\xmc_common.h ****  *
 167:C:/Users/choeoliv/Desktop/IFKOR FOC DRIVE/Libraries/XMCLib/inc\xmc_common.h ****  */
 168:C:/Users/choeoliv/Desktop/IFKOR FOC DRIVE/Libraries/XMCLib/inc\xmc_common.h **** void XMC_LIST_Init(XMC_LIST_t *list);
 169:C:/Users/choeoliv/Desktop/IFKOR FOC DRIVE/Libraries/XMCLib/inc\xmc_common.h **** 
 170:C:/Users/choeoliv/Desktop/IFKOR FOC DRIVE/Libraries/XMCLib/inc\xmc_common.h **** /*
 171:C:/Users/choeoliv/Desktop/IFKOR FOC DRIVE/Libraries/XMCLib/inc\xmc_common.h ****  *
 172:C:/Users/choeoliv/Desktop/IFKOR FOC DRIVE/Libraries/XMCLib/inc\xmc_common.h ****  */
 173:C:/Users/choeoliv/Desktop/IFKOR FOC DRIVE/Libraries/XMCLib/inc\xmc_common.h **** void XMC_LIST_Add(XMC_LIST_t *list, void *const item);
 174:C:/Users/choeoliv/Desktop/IFKOR FOC DRIVE/Libraries/XMCLib/inc\xmc_common.h **** 
 175:C:/Users/choeoliv/Desktop/IFKOR FOC DRIVE/Libraries/XMCLib/inc\xmc_common.h **** /*
 176:C:/Users/choeoliv/Desktop/IFKOR FOC DRIVE/Libraries/XMCLib/inc\xmc_common.h ****  *
 177:C:/Users/choeoliv/Desktop/IFKOR FOC DRIVE/Libraries/XMCLib/inc\xmc_common.h ****  */
 178:C:/Users/choeoliv/Desktop/IFKOR FOC DRIVE/Libraries/XMCLib/inc\xmc_common.h **** void XMC_LIST_Remove(XMC_LIST_t *list, void *const item);
 179:C:/Users/choeoliv/Desktop/IFKOR FOC DRIVE/Libraries/XMCLib/inc\xmc_common.h **** 
 180:C:/Users/choeoliv/Desktop/IFKOR FOC DRIVE/Libraries/XMCLib/inc\xmc_common.h **** /*
 181:C:/Users/choeoliv/Desktop/IFKOR FOC DRIVE/Libraries/XMCLib/inc\xmc_common.h ****  *
 182:C:/Users/choeoliv/Desktop/IFKOR FOC DRIVE/Libraries/XMCLib/inc\xmc_common.h ****  */
 183:C:/Users/choeoliv/Desktop/IFKOR FOC DRIVE/Libraries/XMCLib/inc\xmc_common.h **** uint32_t XMC_LIST_GetLength(XMC_LIST_t *list);
 184:C:/Users/choeoliv/Desktop/IFKOR FOC DRIVE/Libraries/XMCLib/inc\xmc_common.h **** 
 185:C:/Users/choeoliv/Desktop/IFKOR FOC DRIVE/Libraries/XMCLib/inc\xmc_common.h **** /*
 186:C:/Users/choeoliv/Desktop/IFKOR FOC DRIVE/Libraries/XMCLib/inc\xmc_common.h ****  *
 187:C:/Users/choeoliv/Desktop/IFKOR FOC DRIVE/Libraries/XMCLib/inc\xmc_common.h ****  */
 188:C:/Users/choeoliv/Desktop/IFKOR FOC DRIVE/Libraries/XMCLib/inc\xmc_common.h **** void *XMC_LIST_GetHead(XMC_LIST_t *list);
 189:C:/Users/choeoliv/Desktop/IFKOR FOC DRIVE/Libraries/XMCLib/inc\xmc_common.h **** 
 190:C:/Users/choeoliv/Desktop/IFKOR FOC DRIVE/Libraries/XMCLib/inc\xmc_common.h **** /*
 191:C:/Users/choeoliv/Desktop/IFKOR FOC DRIVE/Libraries/XMCLib/inc\xmc_common.h ****  *
 192:C:/Users/choeoliv/Desktop/IFKOR FOC DRIVE/Libraries/XMCLib/inc\xmc_common.h ****  */
 193:C:/Users/choeoliv/Desktop/IFKOR FOC DRIVE/Libraries/XMCLib/inc\xmc_common.h **** void *XMC_LIST_GetTail(XMC_LIST_t *list);
 194:C:/Users/choeoliv/Desktop/IFKOR FOC DRIVE/Libraries/XMCLib/inc\xmc_common.h **** 
 195:C:/Users/choeoliv/Desktop/IFKOR FOC DRIVE/Libraries/XMCLib/inc\xmc_common.h **** /*
 196:C:/Users/choeoliv/Desktop/IFKOR FOC DRIVE/Libraries/XMCLib/inc\xmc_common.h ****  *
 197:C:/Users/choeoliv/Desktop/IFKOR FOC DRIVE/Libraries/XMCLib/inc\xmc_common.h ****  */
 198:C:/Users/choeoliv/Desktop/IFKOR FOC DRIVE/Libraries/XMCLib/inc\xmc_common.h **** void XMC_LIST_Insert(XMC_LIST_t *list, void *prev_item, void *new_item);
 199:C:/Users/choeoliv/Desktop/IFKOR FOC DRIVE/Libraries/XMCLib/inc\xmc_common.h **** 
 200:C:/Users/choeoliv/Desktop/IFKOR FOC DRIVE/Libraries/XMCLib/inc\xmc_common.h **** /*
 201:C:/Users/choeoliv/Desktop/IFKOR FOC DRIVE/Libraries/XMCLib/inc\xmc_common.h ****  *
 202:C:/Users/choeoliv/Desktop/IFKOR FOC DRIVE/Libraries/XMCLib/inc\xmc_common.h ****  */
 203:C:/Users/choeoliv/Desktop/IFKOR FOC DRIVE/Libraries/XMCLib/inc\xmc_common.h **** void XMC_PRIOARRAY_Init(XMC_PRIOARRAY_t *prioarray);
 204:C:/Users/choeoliv/Desktop/IFKOR FOC DRIVE/Libraries/XMCLib/inc\xmc_common.h **** 
 205:C:/Users/choeoliv/Desktop/IFKOR FOC DRIVE/Libraries/XMCLib/inc\xmc_common.h **** /*
 206:C:/Users/choeoliv/Desktop/IFKOR FOC DRIVE/Libraries/XMCLib/inc\xmc_common.h ****  *
 207:C:/Users/choeoliv/Desktop/IFKOR FOC DRIVE/Libraries/XMCLib/inc\xmc_common.h ****  */
 208:C:/Users/choeoliv/Desktop/IFKOR FOC DRIVE/Libraries/XMCLib/inc\xmc_common.h **** void XMC_PRIOARRAY_Add(XMC_PRIOARRAY_t *prioarray, int32_t item, int32_t priority);
 209:C:/Users/choeoliv/Desktop/IFKOR FOC DRIVE/Libraries/XMCLib/inc\xmc_common.h **** 
 210:C:/Users/choeoliv/Desktop/IFKOR FOC DRIVE/Libraries/XMCLib/inc\xmc_common.h **** /*
 211:C:/Users/choeoliv/Desktop/IFKOR FOC DRIVE/Libraries/XMCLib/inc\xmc_common.h ****  *
 212:C:/Users/choeoliv/Desktop/IFKOR FOC DRIVE/Libraries/XMCLib/inc\xmc_common.h ****  */
 213:C:/Users/choeoliv/Desktop/IFKOR FOC DRIVE/Libraries/XMCLib/inc\xmc_common.h **** void XMC_PRIOARRAY_Remove(XMC_PRIOARRAY_t *prioarray, int32_t item);
 214:C:/Users/choeoliv/Desktop/IFKOR FOC DRIVE/Libraries/XMCLib/inc\xmc_common.h **** 
 215:C:/Users/choeoliv/Desktop/IFKOR FOC DRIVE/Libraries/XMCLib/inc\xmc_common.h **** /*
 216:C:/Users/choeoliv/Desktop/IFKOR FOC DRIVE/Libraries/XMCLib/inc\xmc_common.h ****  *
 217:C:/Users/choeoliv/Desktop/IFKOR FOC DRIVE/Libraries/XMCLib/inc\xmc_common.h ****  */
 218:C:/Users/choeoliv/Desktop/IFKOR FOC DRIVE/Libraries/XMCLib/inc\xmc_common.h **** __STATIC_INLINE int32_t XMC_PRIOARRAY_GetHead(XMC_PRIOARRAY_t *prioarray)
 219:C:/Users/choeoliv/Desktop/IFKOR FOC DRIVE/Libraries/XMCLib/inc\xmc_common.h **** {
 220:C:/Users/choeoliv/Desktop/IFKOR FOC DRIVE/Libraries/XMCLib/inc\xmc_common.h ****   XMC_ASSERT("XMC_PRIOARRAY_Init: NULL pointer", prioarray != NULL);
 221:C:/Users/choeoliv/Desktop/IFKOR FOC DRIVE/Libraries/XMCLib/inc\xmc_common.h ****   return prioarray->items[prioarray->size].next;
 316              	 .loc 2 221 0
 317 0002 18C8     	 ldmia r0!,{r3,r4}
 318              	.LVL30:
 319 0004 5800     	 lsl r0,r3,#1
 320              	.LVL31:
 321 0006 C318     	 add r3,r0,r3
 322 0008 9B00     	 lsl r3,r3,#2
 323 000a E318     	 add r3,r4,r3
 324              	.L46:
 325 000c 9868     	 ldr r0,[r3,#8]
 326              	.LVL32:
 327              	.LBE13:
 328              	.LBE12:
 329              	.LBB14:
 330              	.LBB15:
 222:C:/Users/choeoliv/Desktop/IFKOR FOC DRIVE/Libraries/XMCLib/inc\xmc_common.h **** }
 223:C:/Users/choeoliv/Desktop/IFKOR FOC DRIVE/Libraries/XMCLib/inc\xmc_common.h **** 
 224:C:/Users/choeoliv/Desktop/IFKOR FOC DRIVE/Libraries/XMCLib/inc\xmc_common.h **** /*
 225:C:/Users/choeoliv/Desktop/IFKOR FOC DRIVE/Libraries/XMCLib/inc\xmc_common.h ****  *
 226:C:/Users/choeoliv/Desktop/IFKOR FOC DRIVE/Libraries/XMCLib/inc\xmc_common.h ****  */
 227:C:/Users/choeoliv/Desktop/IFKOR FOC DRIVE/Libraries/XMCLib/inc\xmc_common.h **** __STATIC_INLINE int32_t XMC_PRIOARRAY_GetTail(XMC_PRIOARRAY_t *prioarray)
 228:C:/Users/choeoliv/Desktop/IFKOR FOC DRIVE/Libraries/XMCLib/inc\xmc_common.h **** {
 229:C:/Users/choeoliv/Desktop/IFKOR FOC DRIVE/Libraries/XMCLib/inc\xmc_common.h ****   XMC_ASSERT("XMC_PRIOARRAY_Init: NULL pointer", prioarray != NULL);
 230:C:/Users/choeoliv/Desktop/IFKOR FOC DRIVE/Libraries/XMCLib/inc\xmc_common.h ****   return prioarray->items[prioarray->size + 1].previous;
 231:C:/Users/choeoliv/Desktop/IFKOR FOC DRIVE/Libraries/XMCLib/inc\xmc_common.h **** }
 232:C:/Users/choeoliv/Desktop/IFKOR FOC DRIVE/Libraries/XMCLib/inc\xmc_common.h **** 
 233:C:/Users/choeoliv/Desktop/IFKOR FOC DRIVE/Libraries/XMCLib/inc\xmc_common.h **** /*
 234:C:/Users/choeoliv/Desktop/IFKOR FOC DRIVE/Libraries/XMCLib/inc\xmc_common.h ****  *
 235:C:/Users/choeoliv/Desktop/IFKOR FOC DRIVE/Libraries/XMCLib/inc\xmc_common.h ****  */
 236:C:/Users/choeoliv/Desktop/IFKOR FOC DRIVE/Libraries/XMCLib/inc\xmc_common.h **** __STATIC_INLINE int32_t XMC_PRIOARRAY_GetItemPriority(XMC_PRIOARRAY_t *prioarray, int32_t item)
 237:C:/Users/choeoliv/Desktop/IFKOR FOC DRIVE/Libraries/XMCLib/inc\xmc_common.h **** {
 238:C:/Users/choeoliv/Desktop/IFKOR FOC DRIVE/Libraries/XMCLib/inc\xmc_common.h ****   XMC_ASSERT("XMC_PRIOARRAY_GetItemPriority: item out of range", (item >= 0) && (item < prioarray->
 239:C:/Users/choeoliv/Desktop/IFKOR FOC DRIVE/Libraries/XMCLib/inc\xmc_common.h ****   return prioarray->items[item].priority;
 331              	 .loc 2 239 0
 332 000e 4300     	 lsl r3,r0,#1
 333 0010 1B18     	 add r3,r3,r0
 334 0012 9B00     	 lsl r3,r3,#2
 335 0014 E318     	 add r3,r4,r3
 336              	.LBE15:
 337              	.LBE14:
 178:../Libraries/XMCLib/src/xmc_common.c ****   int32_t next;
 179:../Libraries/XMCLib/src/xmc_common.c ****   int32_t previous;
 180:../Libraries/XMCLib/src/xmc_common.c **** 
 181:../Libraries/XMCLib/src/xmc_common.c ****   XMC_ASSERT("XMC_PRIOARRAY_Add: item out of range", (item >= 0) && (item < prioarray->size));
 182:../Libraries/XMCLib/src/xmc_common.c ****   
 183:../Libraries/XMCLib/src/xmc_common.c ****   next = XMC_PRIOARRAY_GetHead(prioarray);
 184:../Libraries/XMCLib/src/xmc_common.c ****   while (XMC_PRIOARRAY_GetItemPriority(prioarray, next) > priority)
 338              	 .loc 1 184 0
 339 0016 1D68     	 ldr r5,[r3]
 340 0018 AA42     	 cmp r2,r5
 341 001a F7DB     	 blt .L46
 185:../Libraries/XMCLib/src/xmc_common.c ****   {
 186:../Libraries/XMCLib/src/xmc_common.c ****     next = XMC_PRIOARRAY_GetItemNext(prioarray, next);
 187:../Libraries/XMCLib/src/xmc_common.c ****   }
 188:../Libraries/XMCLib/src/xmc_common.c **** 
 189:../Libraries/XMCLib/src/xmc_common.c ****   previous = prioarray->items[next].previous;
 190:../Libraries/XMCLib/src/xmc_common.c **** 
 191:../Libraries/XMCLib/src/xmc_common.c ****   prioarray->items[item].next = next;
 342              	 .loc 1 191 0
 343 001c 4E00     	 lsl r6,r1,#1
 344 001e 7618     	 add r6,r6,r1
 189:../Libraries/XMCLib/src/xmc_common.c **** 
 345              	 .loc 1 189 0
 346 0020 5D68     	 ldr r5,[r3,#4]
 347              	.LVL33:
 348              	 .loc 1 191 0
 349 0022 B600     	 lsl r6,r6,#2
 350 0024 A619     	 add r6,r4,r6
 351 0026 B060     	 str r0,[r6,#8]
 192:../Libraries/XMCLib/src/xmc_common.c ****   prioarray->items[item].previous = previous;
 193:../Libraries/XMCLib/src/xmc_common.c ****   prioarray->items[item].priority = priority;
 352              	 .loc 1 193 0
 353 0028 24C6     	 stmia r6!,{r2,r5}
 194:../Libraries/XMCLib/src/xmc_common.c **** 
 195:../Libraries/XMCLib/src/xmc_common.c ****   prioarray->items[previous].next = item;
 354              	 .loc 1 195 0
 355 002a 6A00     	 lsl r2,r5,#1
 356              	.LVL34:
 357 002c 5519     	 add r5,r2,r5
 358              	.LVL35:
 359 002e AD00     	 lsl r5,r5,#2
 360 0030 6419     	 add r4,r4,r5
 361 0032 A160     	 str r1,[r4,#8]
 196:../Libraries/XMCLib/src/xmc_common.c ****   prioarray->items[next].previous = item;
 197:../Libraries/XMCLib/src/xmc_common.c **** }
 362              	 .loc 1 197 0
 363              	 
 196:../Libraries/XMCLib/src/xmc_common.c ****   prioarray->items[next].previous = item;
 364              	 .loc 1 196 0
 365 0034 5960     	 str r1,[r3,#4]
 366              	.LVL36:
 367              	.LVL37:
 368              	 .loc 1 197 0
 369 0036 70BD     	 pop {r4,r5,r6,pc}
 370              	 .cfi_endproc
 371              	.LFE46:
 373              	 .section .text.XMC_PRIOARRAY_Remove,"ax",%progbits
 374              	 .align 2
 375              	 .global XMC_PRIOARRAY_Remove
 376              	 .code 16
 377              	 .thumb_func
 379              	XMC_PRIOARRAY_Remove:
 380              	.LFB47:
 198:../Libraries/XMCLib/src/xmc_common.c **** 
 199:../Libraries/XMCLib/src/xmc_common.c **** void XMC_PRIOARRAY_Remove(XMC_PRIOARRAY_t *prioarray, int32_t item)
 200:../Libraries/XMCLib/src/xmc_common.c **** {
 381              	 .loc 1 200 0
 382              	 .cfi_startproc
 383              	.LVL38:
 201:../Libraries/XMCLib/src/xmc_common.c ****   int32_t next;
 202:../Libraries/XMCLib/src/xmc_common.c ****   int32_t previous;
 203:../Libraries/XMCLib/src/xmc_common.c **** 
 204:../Libraries/XMCLib/src/xmc_common.c ****   XMC_ASSERT("XMC_PRIOARRAY_Add: item out of range", (item >= 0) && (item < prioarray->size));
 205:../Libraries/XMCLib/src/xmc_common.c ****   
 206:../Libraries/XMCLib/src/xmc_common.c ****   next = prioarray->items[item].next;
 384              	 .loc 1 206 0
 385 0000 4B00     	 lsl r3,r1,#1
 386 0002 4068     	 ldr r0,[r0,#4]
 387              	.LVL39:
 388 0004 5918     	 add r1,r3,r1
 389              	.LVL40:
 390 0006 8900     	 lsl r1,r1,#2
 391 0008 4118     	 add r1,r0,r1
 392 000a 8B68     	 ldr r3,[r1,#8]
 393              	.LVL41:
 207:../Libraries/XMCLib/src/xmc_common.c ****   previous = prioarray->items[item].previous;
 394              	 .loc 1 207 0
 395 000c 4968     	 ldr r1,[r1,#4]
 396              	.LVL42:
 208:../Libraries/XMCLib/src/xmc_common.c **** 
 209:../Libraries/XMCLib/src/xmc_common.c ****   prioarray->items[previous].next = next;
 210:../Libraries/XMCLib/src/xmc_common.c ****   prioarray->items[next].previous = previous;
 211:../Libraries/XMCLib/src/xmc_common.c **** }
 397              	 .loc 1 211 0
 398              	 
 209:../Libraries/XMCLib/src/xmc_common.c ****   prioarray->items[next].previous = previous;
 399              	 .loc 1 209 0
 400 000e 4A00     	 lsl r2,r1,#1
 401 0010 5218     	 add r2,r2,r1
 402 0012 9200     	 lsl r2,r2,#2
 403 0014 8218     	 add r2,r0,r2
 404 0016 9360     	 str r3,[r2,#8]
 210:../Libraries/XMCLib/src/xmc_common.c **** }
 405              	 .loc 1 210 0
 406 0018 5A00     	 lsl r2,r3,#1
 407 001a D318     	 add r3,r2,r3
 408              	.LVL43:
 409 001c 9B00     	 lsl r3,r3,#2
 410 001e C318     	 add r3,r0,r3
 411 0020 5960     	 str r1,[r3,#4]
 412              	 .loc 1 211 0
 413 0022 7047     	 bx lr
 414              	 .cfi_endproc
 415              	.LFE47:
 417              	 .text
 418              	.Letext0:
 419              	 .file 3 "c:\\dave-ide-4.4.2-64bit\\eclipse\\arm-gcc-49\\arm-none-eabi\\include\\machine\\_default_types.h"
 420              	 .file 4 "c:\\dave-ide-4.4.2-64bit\\eclipse\\arm-gcc-49\\arm-none-eabi\\include\\stdint.h"
DEFINED SYMBOLS
                            *ABS*:00000000 xmc_common.c
    {standard input}:18     .text.XMC_LIST_Init:00000000 $t
    {standard input}:23     .text.XMC_LIST_Init:00000000 XMC_LIST_Init
    {standard input}:41     .text.XMC_LIST_GetHead:00000000 $t
    {standard input}:46     .text.XMC_LIST_GetHead:00000000 XMC_LIST_GetHead
    {standard input}:61     .text.XMC_LIST_GetTail:00000000 $t
    {standard input}:66     .text.XMC_LIST_GetTail:00000000 XMC_LIST_GetTail
    {standard input}:95     .text.XMC_LIST_Add:00000000 $t
    {standard input}:100    .text.XMC_LIST_Add:00000000 XMC_LIST_Add
    {standard input}:143    .text.XMC_LIST_Remove:00000000 $t
    {standard input}:148    .text.XMC_LIST_Remove:00000000 XMC_LIST_Remove
    {standard input}:206    .text.XMC_LIST_Insert:00000000 $t
    {standard input}:211    .text.XMC_LIST_Insert:00000000 XMC_LIST_Insert
    {standard input}:239    .text.XMC_PRIOARRAY_Init:00000000 $t
    {standard input}:244    .text.XMC_PRIOARRAY_Init:00000000 XMC_PRIOARRAY_Init
    {standard input}:292    .text.XMC_PRIOARRAY_Init:0000002c $d
    {standard input}:297    .text.XMC_PRIOARRAY_Add:00000000 $t
    {standard input}:302    .text.XMC_PRIOARRAY_Add:00000000 XMC_PRIOARRAY_Add
    {standard input}:374    .text.XMC_PRIOARRAY_Remove:00000000 $t
    {standard input}:379    .text.XMC_PRIOARRAY_Remove:00000000 XMC_PRIOARRAY_Remove
                     .debug_frame:00000010 $d

NO UNDEFINED SYMBOLS
